{"/Users/hannahwerman/new-edge/api/api/test/test.js":{"path":"/Users/hannahwerman/new-edge/api/api/test/test.js","statementMap":{"0":{"start":{"line":3,"column":29},"end":{"line":3,"column":84}},"1":{"start":{"line":5,"column":12},"end":{"line":5,"column":51}},"2":{"start":{"line":7,"column":16},"end":{"line":7,"column":60}},"3":{"start":{"line":9,"column":0},"end":{"line":9,"column":32}},"4":{"start":{"line":11,"column":13},"end":{"line":11,"column":56}},"5":{"start":{"line":13,"column":0},"end":{"line":13,"column":43}},"6":{"start":{"line":15,"column":13},"end":{"line":15,"column":36}},"7":{"start":{"line":16,"column":0},"end":{"line":169,"column":3}},"8":{"start":{"line":17,"column":2},"end":{"line":36,"column":5}},"9":{"start":{"line":18,"column":18},"end":{"line":23,"column":5}},"10":{"start":{"line":25,"column":4},"end":{"line":35,"column":7}},"11":{"start":{"line":26,"column":6},"end":{"line":26,"column":39}},"12":{"start":{"line":27,"column":6},"end":{"line":33,"column":9}},"13":{"start":{"line":34,"column":6},"end":{"line":34,"column":13}},"14":{"start":{"line":37,"column":2},"end":{"line":47,"column":5}},"15":{"start":{"line":38,"column":18},"end":{"line":41,"column":5}},"16":{"start":{"line":43,"column":4},"end":{"line":46,"column":7}},"17":{"start":{"line":44,"column":6},"end":{"line":44,"column":39}},"18":{"start":{"line":45,"column":6},"end":{"line":45,"column":13}},"19":{"start":{"line":48,"column":2},"end":{"line":58,"column":5}},"20":{"start":{"line":49,"column":4},"end":{"line":57,"column":7}},"21":{"start":{"line":50,"column":6},"end":{"line":50,"column":39}},"22":{"start":{"line":51,"column":6},"end":{"line":51,"column":50}},"23":{"start":{"line":52,"column":6},"end":{"line":52,"column":57}},"24":{"start":{"line":53,"column":6},"end":{"line":53,"column":56}},"25":{"start":{"line":54,"column":6},"end":{"line":54,"column":51}},"26":{"start":{"line":55,"column":6},"end":{"line":55,"column":53}},"27":{"start":{"line":56,"column":6},"end":{"line":56,"column":13}},"28":{"start":{"line":59,"column":2},"end":{"line":71,"column":5}},"29":{"start":{"line":60,"column":20},"end":{"line":60,"column":21}},"30":{"start":{"line":62,"column":4},"end":{"line":70,"column":7}},"31":{"start":{"line":63,"column":6},"end":{"line":63,"column":39}},"32":{"start":{"line":64,"column":6},"end":{"line":64,"column":47}},"33":{"start":{"line":65,"column":6},"end":{"line":65,"column":54}},"34":{"start":{"line":66,"column":6},"end":{"line":66,"column":53}},"35":{"start":{"line":67,"column":6},"end":{"line":67,"column":48}},"36":{"start":{"line":68,"column":6},"end":{"line":68,"column":50}},"37":{"start":{"line":69,"column":6},"end":{"line":69,"column":13}},"38":{"start":{"line":72,"column":2},"end":{"line":80,"column":5}},"39":{"start":{"line":73,"column":20},"end":{"line":73,"column":24}},"40":{"start":{"line":75,"column":4},"end":{"line":79,"column":7}},"41":{"start":{"line":76,"column":6},"end":{"line":76,"column":39}},"42":{"start":{"line":77,"column":6},"end":{"line":77,"column":105}},"43":{"start":{"line":78,"column":6},"end":{"line":78,"column":13}},"44":{"start":{"line":81,"column":2},"end":{"line":89,"column":5}},"45":{"start":{"line":82,"column":20},"end":{"line":82,"column":25}},"46":{"start":{"line":84,"column":4},"end":{"line":88,"column":7}},"47":{"start":{"line":85,"column":6},"end":{"line":85,"column":39}},"48":{"start":{"line":86,"column":6},"end":{"line":86,"column":89}},"49":{"start":{"line":87,"column":6},"end":{"line":87,"column":13}},"50":{"start":{"line":90,"column":2},"end":{"line":109,"column":5}},"51":{"start":{"line":91,"column":20},"end":{"line":91,"column":21}},"52":{"start":{"line":92,"column":25},"end":{"line":98,"column":5}},"53":{"start":{"line":100,"column":4},"end":{"line":108,"column":7}},"54":{"start":{"line":101,"column":6},"end":{"line":101,"column":39}},"55":{"start":{"line":102,"column":6},"end":{"line":102,"column":56}},"56":{"start":{"line":103,"column":6},"end":{"line":103,"column":70}},"57":{"start":{"line":104,"column":6},"end":{"line":104,"column":68}},"58":{"start":{"line":105,"column":6},"end":{"line":105,"column":58}},"59":{"start":{"line":106,"column":6},"end":{"line":106,"column":62}},"60":{"start":{"line":107,"column":6},"end":{"line":107,"column":13}},"61":{"start":{"line":110,"column":2},"end":{"line":125,"column":5}},"62":{"start":{"line":111,"column":20},"end":{"line":111,"column":24}},"63":{"start":{"line":112,"column":25},"end":{"line":118,"column":5}},"64":{"start":{"line":120,"column":4},"end":{"line":124,"column":7}},"65":{"start":{"line":121,"column":6},"end":{"line":121,"column":39}},"66":{"start":{"line":122,"column":6},"end":{"line":122,"column":105}},"67":{"start":{"line":123,"column":6},"end":{"line":123,"column":13}},"68":{"start":{"line":126,"column":2},"end":{"line":141,"column":5}},"69":{"start":{"line":127,"column":20},"end":{"line":127,"column":25}},"70":{"start":{"line":128,"column":25},"end":{"line":134,"column":5}},"71":{"start":{"line":136,"column":4},"end":{"line":140,"column":7}},"72":{"start":{"line":137,"column":6},"end":{"line":137,"column":39}},"73":{"start":{"line":138,"column":6},"end":{"line":138,"column":89}},"74":{"start":{"line":139,"column":6},"end":{"line":139,"column":13}},"75":{"start":{"line":142,"column":2},"end":{"line":150,"column":5}},"76":{"start":{"line":143,"column":20},"end":{"line":143,"column":21}},"77":{"start":{"line":145,"column":4},"end":{"line":149,"column":7}},"78":{"start":{"line":146,"column":6},"end":{"line":146,"column":39}},"79":{"start":{"line":147,"column":6},"end":{"line":147,"column":43}},"80":{"start":{"line":148,"column":6},"end":{"line":148,"column":13}},"81":{"start":{"line":151,"column":2},"end":{"line":159,"column":5}},"82":{"start":{"line":152,"column":20},"end":{"line":152,"column":24}},"83":{"start":{"line":154,"column":4},"end":{"line":158,"column":7}},"84":{"start":{"line":155,"column":6},"end":{"line":155,"column":39}},"85":{"start":{"line":156,"column":6},"end":{"line":156,"column":113}},"86":{"start":{"line":157,"column":6},"end":{"line":157,"column":13}},"87":{"start":{"line":160,"column":2},"end":{"line":168,"column":5}},"88":{"start":{"line":161,"column":20},"end":{"line":161,"column":25}},"89":{"start":{"line":163,"column":4},"end":{"line":167,"column":7}},"90":{"start":{"line":164,"column":6},"end":{"line":164,"column":39}},"91":{"start":{"line":165,"column":6},"end":{"line":165,"column":85}},"92":{"start":{"line":166,"column":6},"end":{"line":166,"column":13}}},"fnMap":{"0":{"name":"(anonymous_0)","decl":{"start":{"line":16,"column":38},"end":{"line":16,"column":39}},"loc":{"start":{"line":16,"column":50},"end":{"line":169,"column":1}},"line":16},"1":{"name":"(anonymous_1)","decl":{"start":{"line":17,"column":35},"end":{"line":17,"column":36}},"loc":{"start":{"line":17,"column":51},"end":{"line":36,"column":3}},"line":17},"2":{"name":"(anonymous_2)","decl":{"start":{"line":25,"column":125},"end":{"line":25,"column":126}},"loc":{"start":{"line":25,"column":145},"end":{"line":35,"column":5}},"line":25},"3":{"name":"(anonymous_3)","decl":{"start":{"line":37,"column":66},"end":{"line":37,"column":67}},"loc":{"start":{"line":37,"column":82},"end":{"line":47,"column":3}},"line":37},"4":{"name":"(anonymous_4)","decl":{"start":{"line":43,"column":125},"end":{"line":43,"column":126}},"loc":{"start":{"line":43,"column":145},"end":{"line":46,"column":5}},"line":43},"5":{"name":"(anonymous_5)","decl":{"start":{"line":48,"column":35},"end":{"line":48,"column":36}},"loc":{"start":{"line":48,"column":51},"end":{"line":58,"column":3}},"line":48},"6":{"name":"(anonymous_6)","decl":{"start":{"line":49,"column":110},"end":{"line":49,"column":111}},"loc":{"start":{"line":49,"column":130},"end":{"line":57,"column":5}},"line":49},"7":{"name":"(anonymous_7)","decl":{"start":{"line":59,"column":43},"end":{"line":59,"column":44}},"loc":{"start":{"line":59,"column":59},"end":{"line":71,"column":3}},"line":59},"8":{"name":"(anonymous_8)","decl":{"start":{"line":62,"column":129},"end":{"line":62,"column":130}},"loc":{"start":{"line":62,"column":149},"end":{"line":70,"column":5}},"line":62},"9":{"name":"(anonymous_9)","decl":{"start":{"line":72,"column":55},"end":{"line":72,"column":56}},"loc":{"start":{"line":72,"column":71},"end":{"line":80,"column":3}},"line":72},"10":{"name":"(anonymous_10)","decl":{"start":{"line":75,"column":129},"end":{"line":75,"column":130}},"loc":{"start":{"line":75,"column":149},"end":{"line":79,"column":5}},"line":75},"11":{"name":"(anonymous_11)","decl":{"start":{"line":81,"column":55},"end":{"line":81,"column":56}},"loc":{"start":{"line":81,"column":71},"end":{"line":89,"column":3}},"line":81},"12":{"name":"(anonymous_12)","decl":{"start":{"line":84,"column":129},"end":{"line":84,"column":130}},"loc":{"start":{"line":84,"column":149},"end":{"line":88,"column":5}},"line":84},"13":{"name":"(anonymous_13)","decl":{"start":{"line":90,"column":35},"end":{"line":90,"column":36}},"loc":{"start":{"line":90,"column":51},"end":{"line":109,"column":3}},"line":90},"14":{"name":"(anonymous_14)","decl":{"start":{"line":100,"column":150},"end":{"line":100,"column":151}},"loc":{"start":{"line":100,"column":170},"end":{"line":108,"column":5}},"line":100},"15":{"name":"(anonymous_15)","decl":{"start":{"line":110,"column":55},"end":{"line":110,"column":56}},"loc":{"start":{"line":110,"column":71},"end":{"line":125,"column":3}},"line":110},"16":{"name":"(anonymous_16)","decl":{"start":{"line":120,"column":150},"end":{"line":120,"column":151}},"loc":{"start":{"line":120,"column":170},"end":{"line":124,"column":5}},"line":120},"17":{"name":"(anonymous_17)","decl":{"start":{"line":126,"column":67},"end":{"line":126,"column":68}},"loc":{"start":{"line":126,"column":83},"end":{"line":141,"column":3}},"line":126},"18":{"name":"(anonymous_18)","decl":{"start":{"line":136,"column":150},"end":{"line":136,"column":151}},"loc":{"start":{"line":136,"column":170},"end":{"line":140,"column":5}},"line":136},"19":{"name":"(anonymous_19)","decl":{"start":{"line":142,"column":35},"end":{"line":142,"column":36}},"loc":{"start":{"line":142,"column":51},"end":{"line":150,"column":3}},"line":142},"20":{"name":"(anonymous_20)","decl":{"start":{"line":145,"column":135},"end":{"line":145,"column":136}},"loc":{"start":{"line":145,"column":155},"end":{"line":149,"column":5}},"line":145},"21":{"name":"(anonymous_21)","decl":{"start":{"line":151,"column":55},"end":{"line":151,"column":56}},"loc":{"start":{"line":151,"column":71},"end":{"line":159,"column":3}},"line":151},"22":{"name":"(anonymous_22)","decl":{"start":{"line":154,"column":135},"end":{"line":154,"column":136}},"loc":{"start":{"line":154,"column":155},"end":{"line":158,"column":5}},"line":154},"23":{"name":"(anonymous_23)","decl":{"start":{"line":160,"column":59},"end":{"line":160,"column":60}},"loc":{"start":{"line":160,"column":75},"end":{"line":168,"column":3}},"line":160},"24":{"name":"(anonymous_24)","decl":{"start":{"line":163,"column":135},"end":{"line":163,"column":136}},"loc":{"start":{"line":163,"column":155},"end":{"line":167,"column":5}},"line":163}},"branchMap":{},"s":{"0":1,"1":1,"2":1,"3":1,"4":1,"5":1,"6":1,"7":1,"8":1,"9":1,"10":1,"11":1,"12":1,"13":1,"14":1,"15":1,"16":1,"17":1,"18":1,"19":1,"20":1,"21":1,"22":1,"23":1,"24":1,"25":1,"26":1,"27":1,"28":1,"29":1,"30":1,"31":1,"32":1,"33":1,"34":1,"35":1,"36":1,"37":1,"38":1,"39":1,"40":1,"41":1,"42":1,"43":1,"44":1,"45":1,"46":1,"47":1,"48":1,"49":1,"50":1,"51":1,"52":1,"53":1,"54":1,"55":1,"56":1,"57":1,"58":1,"59":1,"60":1,"61":1,"62":1,"63":1,"64":1,"65":1,"66":1,"67":1,"68":1,"69":1,"70":1,"71":1,"72":1,"73":1,"74":1,"75":1,"76":1,"77":1,"78":1,"79":1,"80":1,"81":1,"82":1,"83":1,"84":1,"85":1,"86":1,"87":1,"88":1,"89":1,"90":1,"91":1,"92":1},"f":{"0":1,"1":1,"2":1,"3":1,"4":1,"5":1,"6":1,"7":1,"8":1,"9":1,"10":1,"11":1,"12":1,"13":1,"14":1,"15":1,"16":1,"17":1,"18":1,"19":1,"20":1,"21":1,"22":1,"23":1,"24":1},"b":{},"inputSourceMap":{"version":3,"sources":["test.js"],"names":["chai","use","chatHttp","expect","describe","it","done","contact","firstname","lastname","zip","email","request","app","post","set","send","end","err","res","status","to","equal","body","data","include","id","get","should","have","property","contactId","eql","updatedContact","put"],"mappings":";;;;AAAA;;AACA;;AACA;;AACA;;AAEAA,iBAAKC,GAAL,CAASC,oBAAT;;IACQC,M,GAAWH,gB,CAAXG,M;AAERC,QAAQ,CAAC,2BAAD,EAA8B,YAAM;AACxCC,EAAAA,EAAE,CAAC,4BAAD,EAA+B,UAACC,IAAD,EAAU;AACvC,QAAMC,OAAO,GAAG;AACZC,MAAAA,SAAS,EAAE,QADC;AAEZC,MAAAA,QAAQ,EAAE,QAFE;AAGZC,MAAAA,GAAG,EAAE,KAHO;AAIZC,MAAAA,KAAK,EAAE;AAJK,KAAhB;;AAMAX,qBAAKY,OAAL,CAAaC,iBAAb,EACKC,IADL,CACU,kBADV,EAEKC,GAFL,CAES,QAFT,EAEmB,kBAFnB,EAGKC,IAHL,CAGUT,OAHV,EAIKU,GAJL,CAIS,UAACC,GAAD,EAAMC,GAAN,EAAc;AACfhB,MAAAA,MAAM,CAACgB,GAAG,CAACC,MAAL,CAAN,CAAmBC,EAAnB,CAAsBC,KAAtB,CAA4B,GAA5B;AACAnB,MAAAA,MAAM,CAACgB,GAAG,CAACI,IAAJ,CAASC,IAAV,CAAN,CAAsBH,EAAtB,CAAyBI,OAAzB,CAAiC;AAC7BC,QAAAA,EAAE,EAAE,CADyB;AAE7BlB,QAAAA,SAAS,EAAED,OAAO,CAACC,SAFU;AAG7BC,QAAAA,QAAQ,EAAEF,OAAO,CAACE,QAHW;AAI7BC,QAAAA,GAAG,EAAEH,OAAO,CAACG,GAJgB;AAK7BC,QAAAA,KAAK,EAAEJ,OAAO,CAACI;AALc,OAAjC;AAOAL,MAAAA,IAAI;AACP,KAdL;AAeH,GAtBC,CAAF;AAwBAD,EAAAA,EAAE,CAAC,2DAAD,EAA8D,UAACC,IAAD,EAAU;AACtE,QAAMC,OAAO,GAAG;AACZC,MAAAA,SAAS,EAAE,QADC;AAEZE,MAAAA,GAAG,EAAE;AAFO,KAAhB;;AAIAV,qBAAKY,OAAL,CAAaC,iBAAb,EACKC,IADL,CACU,kBADV,EAEKC,GAFL,CAES,QAFT,EAEmB,kBAFnB,EAGKC,IAHL,CAGUT,OAHV,EAIKU,GAJL,CAIS,UAACC,GAAD,EAAMC,GAAN,EAAc;AACfhB,MAAAA,MAAM,CAACgB,GAAG,CAACC,MAAL,CAAN,CAAmBC,EAAnB,CAAsBC,KAAtB,CAA4B,GAA5B;AACAhB,MAAAA,IAAI;AACP,KAPL;AAQH,GAbC,CAAF;AAeAD,EAAAA,EAAE,CAAC,4BAAD,EAA+B,UAACC,IAAD,EAAU;AACvCN,qBAAKY,OAAL,CAAaC,iBAAb,EACKc,GADL,CACS,kBADT,EAEKZ,GAFL,CAES,QAFT,EAEmB,kBAFnB,EAGKE,GAHL,CAGS,UAACC,GAAD,EAAMC,GAAN,EAAc;AACfhB,MAAAA,MAAM,CAACgB,GAAG,CAACC,MAAL,CAAN,CAAmBC,EAAnB,CAAsBC,KAAtB,CAA4B,GAA5B;AACAH,MAAAA,GAAG,CAACI,IAAJ,CAASC,IAAT,CAAc,CAAd,EAAiBI,MAAjB,CAAwBC,IAAxB,CAA6BC,QAA7B,CAAsC,IAAtC;AACAX,MAAAA,GAAG,CAACI,IAAJ,CAASC,IAAT,CAAc,CAAd,EAAiBI,MAAjB,CAAwBC,IAAxB,CAA6BC,QAA7B,CAAsC,WAAtC;AACAX,MAAAA,GAAG,CAACI,IAAJ,CAASC,IAAT,CAAc,CAAd,EAAiBI,MAAjB,CAAwBC,IAAxB,CAA6BC,QAA7B,CAAsC,UAAtC;AACAX,MAAAA,GAAG,CAACI,IAAJ,CAASC,IAAT,CAAc,CAAd,EAAiBI,MAAjB,CAAwBC,IAAxB,CAA6BC,QAA7B,CAAsC,KAAtC;AACAX,MAAAA,GAAG,CAACI,IAAJ,CAASC,IAAT,CAAc,CAAd,EAAiBI,MAAjB,CAAwBC,IAAxB,CAA6BC,QAA7B,CAAsC,OAAtC;AACAxB,MAAAA,IAAI;AACP,KAXL;AAYH,GAbC,CAAF;AAeAD,EAAAA,EAAE,CAAC,oCAAD,EAAuC,UAACC,IAAD,EAAU;AAC/C,QAAMyB,SAAS,GAAG,CAAlB;;AACA/B,qBAAKY,OAAL,CAAaC,iBAAb,EACKc,GADL,4BAC6BI,SAD7B,GAEKhB,GAFL,CAES,QAFT,EAEmB,kBAFnB,EAGKE,GAHL,CAGS,UAACC,GAAD,EAAMC,GAAN,EAAc;AACfhB,MAAAA,MAAM,CAACgB,GAAG,CAACC,MAAL,CAAN,CAAmBC,EAAnB,CAAsBC,KAAtB,CAA4B,GAA5B;AACAH,MAAAA,GAAG,CAACI,IAAJ,CAASC,IAAT,CAAcI,MAAd,CAAqBC,IAArB,CAA0BC,QAA1B,CAAmC,IAAnC;AACAX,MAAAA,GAAG,CAACI,IAAJ,CAASC,IAAT,CAAcI,MAAd,CAAqBC,IAArB,CAA0BC,QAA1B,CAAmC,WAAnC;AACAX,MAAAA,GAAG,CAACI,IAAJ,CAASC,IAAT,CAAcI,MAAd,CAAqBC,IAArB,CAA0BC,QAA1B,CAAmC,UAAnC;AACAX,MAAAA,GAAG,CAACI,IAAJ,CAASC,IAAT,CAAcI,MAAd,CAAqBC,IAArB,CAA0BC,QAA1B,CAAmC,KAAnC;AACAX,MAAAA,GAAG,CAACI,IAAJ,CAASC,IAAT,CAAcI,MAAd,CAAqBC,IAArB,CAA0BC,QAA1B,CAAmC,OAAnC;AACAxB,MAAAA,IAAI;AACP,KAXL;AAYH,GAdC,CAAF;AAgBAD,EAAAA,EAAE,CAAC,gDAAD,EAAmD,UAACC,IAAD,EAAU;AAC3D,QAAMyB,SAAS,GAAG,IAAlB;;AACA/B,qBAAKY,OAAL,CAAaC,iBAAb,EACKc,GADL,4BAC6BI,SAD7B,GAEKhB,GAFL,CAES,QAFT,EAEmB,kBAFnB,EAGKE,GAHL,CAGS,UAACC,GAAD,EAAMC,GAAN,EAAc;AACfhB,MAAAA,MAAM,CAACgB,GAAG,CAACC,MAAL,CAAN,CAAmBC,EAAnB,CAAsBC,KAAtB,CAA4B,GAA5B;AACAH,MAAAA,GAAG,CAACI,IAAJ,CAASK,MAAT,CAAgBC,IAAhB,CAAqBC,QAArB,CAA8B,SAA9B,EAAyCE,GAAzC,2CAAgFD,SAAhF;AACAzB,MAAAA,IAAI;AACP,KAPL;AAQH,GAVC,CAAF;AAYAD,EAAAA,EAAE,CAAC,gDAAD,EAAmD,UAACC,IAAD,EAAU;AAC3D,QAAMyB,SAAS,GAAG,KAAlB;;AACA/B,qBAAKY,OAAL,CAAaC,iBAAb,EACKc,GADL,4BAC6BI,SAD7B,GAEKhB,GAFL,CAES,QAFT,EAEmB,kBAFnB,EAGKE,GAHL,CAGS,UAACC,GAAD,EAAMC,GAAN,EAAc;AACfhB,MAAAA,MAAM,CAACgB,GAAG,CAACC,MAAL,CAAN,CAAmBC,EAAnB,CAAsBC,KAAtB,CAA4B,GAA5B;AACAH,MAAAA,GAAG,CAACI,IAAJ,CAASK,MAAT,CAAgBC,IAAhB,CAAqBC,QAArB,CAA8B,SAA9B,EAAyCE,GAAzC,CAA6C,oCAA7C;AACA1B,MAAAA,IAAI;AACP,KAPL;AAQH,GAVC,CAAF;AAYAD,EAAAA,EAAE,CAAC,4BAAD,EAA+B,UAACC,IAAD,EAAU;AACvC,QAAMyB,SAAS,GAAG,CAAlB;AACA,QAAME,cAAc,GAAG;AACnBP,MAAAA,EAAE,EAAEK,SADe;AAEnBvB,MAAAA,SAAS,EAAE,YAFQ;AAGnBC,MAAAA,QAAQ,EAAE,QAHS;AAInBC,MAAAA,GAAG,EAAE,KAJc;AAKnBC,MAAAA,KAAK,EAAE;AALY,KAAvB;;AAOAX,qBAAKY,OAAL,CAAaC,iBAAb,EACKqB,GADL,4BAC6BH,SAD7B,GAEKhB,GAFL,CAES,QAFT,EAEmB,kBAFnB,EAGKC,IAHL,CAGUiB,cAHV,EAIKhB,GAJL,CAIS,UAACC,GAAD,EAAMC,GAAN,EAAc;AACfhB,MAAAA,MAAM,CAACgB,GAAG,CAACC,MAAL,CAAN,CAAmBC,EAAnB,CAAsBC,KAAtB,CAA4B,GAA5B;AACAnB,MAAAA,MAAM,CAACgB,GAAG,CAACI,IAAJ,CAASC,IAAT,CAAcE,EAAf,CAAN,CAAyBJ,KAAzB,CAA+BW,cAAc,CAACP,EAA9C;AACAvB,MAAAA,MAAM,CAACgB,GAAG,CAACI,IAAJ,CAASC,IAAT,CAAchB,SAAf,CAAN,CAAgCc,KAAhC,CAAsCW,cAAc,CAACzB,SAArD;AACAL,MAAAA,MAAM,CAACgB,GAAG,CAACI,IAAJ,CAASC,IAAT,CAAcf,QAAf,CAAN,CAA+Ba,KAA/B,CAAqCW,cAAc,CAACxB,QAApD;AACAN,MAAAA,MAAM,CAACgB,GAAG,CAACI,IAAJ,CAASC,IAAT,CAAcd,GAAf,CAAN,CAA0BY,KAA1B,CAAgCW,cAAc,CAACvB,GAA/C;AACAP,MAAAA,MAAM,CAACgB,GAAG,CAACI,IAAJ,CAASC,IAAT,CAAcb,KAAf,CAAN,CAA4BW,KAA5B,CAAkCW,cAAc,CAACtB,KAAjD;AACAL,MAAAA,IAAI;AACP,KAZL;AAaH,GAtBC,CAAF;AAwBAD,EAAAA,EAAE,CAAC,gDAAD,EAAmD,UAACC,IAAD,EAAU;AAC3D,QAAMyB,SAAS,GAAG,IAAlB;AACA,QAAME,cAAc,GAAG;AACnBP,MAAAA,EAAE,EAAEK,SADe;AAEnBvB,MAAAA,SAAS,EAAE,YAFQ;AAGnBC,MAAAA,QAAQ,EAAE,QAHS;AAInBC,MAAAA,GAAG,EAAE,KAJc;AAKnBC,MAAAA,KAAK,EAAE;AALY,KAAvB;;AAOAX,qBAAKY,OAAL,CAAaC,iBAAb,EACKqB,GADL,4BAC6BH,SAD7B,GAEKhB,GAFL,CAES,QAFT,EAEmB,kBAFnB,EAGKC,IAHL,CAGUiB,cAHV,EAIKhB,GAJL,CAIS,UAACC,GAAD,EAAMC,GAAN,EAAc;AACfhB,MAAAA,MAAM,CAACgB,GAAG,CAACC,MAAL,CAAN,CAAmBC,EAAnB,CAAsBC,KAAtB,CAA4B,GAA5B;AACAH,MAAAA,GAAG,CAACI,IAAJ,CAASK,MAAT,CAAgBC,IAAhB,CAAqBC,QAArB,CAA8B,SAA9B,EAAyCE,GAAzC,2CAAgFD,SAAhF;AACAzB,MAAAA,IAAI;AACP,KARL;AASH,GAlBC,CAAF;AAoBAD,EAAAA,EAAE,CAAC,4DAAD,EAA+D,UAACC,IAAD,EAAU;AACvE,QAAMyB,SAAS,GAAG,KAAlB;AACA,QAAME,cAAc,GAAG;AACnBP,MAAAA,EAAE,EAAEK,SADe;AAEnBvB,MAAAA,SAAS,EAAE,YAFQ;AAGnBC,MAAAA,QAAQ,EAAE,QAHS;AAInBC,MAAAA,GAAG,EAAE,KAJc;AAKnBC,MAAAA,KAAK,EAAE;AALY,KAAvB;;AAOAX,qBAAKY,OAAL,CAAaC,iBAAb,EACKqB,GADL,4BAC6BH,SAD7B,GAEKhB,GAFL,CAES,QAFT,EAEmB,kBAFnB,EAGKC,IAHL,CAGUiB,cAHV,EAIKhB,GAJL,CAIS,UAACC,GAAD,EAAMC,GAAN,EAAc;AACfhB,MAAAA,MAAM,CAACgB,GAAG,CAACC,MAAL,CAAN,CAAmBC,EAAnB,CAAsBC,KAAtB,CAA4B,GAA5B;AACAH,MAAAA,GAAG,CAACI,IAAJ,CAASK,MAAT,CAAgBC,IAAhB,CAAqBC,QAArB,CAA8B,SAA9B,EAAyCE,GAAzC;AACA1B,MAAAA,IAAI;AACP,KARL;AASH,GAlBC,CAAF;AAoBAD,EAAAA,EAAE,CAAC,4BAAD,EAA+B,UAACC,IAAD,EAAU;AACvC,QAAMyB,SAAS,GAAG,CAAlB;;AACA/B,qBAAKY,OAAL,CAAaC,iBAAb,uCACgCkB,SADhC,GAEKhB,GAFL,CAES,QAFT,EAEmB,kBAFnB,EAGKE,GAHL,CAGS,UAACC,GAAD,EAAMC,GAAN,EAAc;AACfhB,MAAAA,MAAM,CAACgB,GAAG,CAACC,MAAL,CAAN,CAAmBC,EAAnB,CAAsBC,KAAtB,CAA4B,GAA5B;AACAnB,MAAAA,MAAM,CAACgB,GAAG,CAACI,IAAJ,CAASC,IAAV,CAAN,CAAsBH,EAAtB,CAAyBI,OAAzB,CAAiC,EAAjC;AACAnB,MAAAA,IAAI;AACP,KAPL;AAQH,GAVC,CAAF;AAYAD,EAAAA,EAAE,CAAC,gDAAD,EAAmD,UAACC,IAAD,EAAU;AAC3D,QAAMyB,SAAS,GAAG,IAAlB;;AACA/B,qBAAKY,OAAL,CAAaC,iBAAb,uCACgCkB,SADhC,GAEKhB,GAFL,CAES,QAFT,EAEmB,kBAFnB,EAGKE,GAHL,CAGS,UAACC,GAAD,EAAMC,GAAN,EAAc;AACfhB,MAAAA,MAAM,CAACgB,GAAG,CAACC,MAAL,CAAN,CAAmBC,EAAnB,CAAsBC,KAAtB,CAA4B,GAA5B;AACAH,MAAAA,GAAG,CAACI,IAAJ,CAASK,MAAT,CAAgBC,IAAhB,CAAqBC,QAArB,CAA8B,SAA9B,EAAyCE,GAAzC,+BAAoED,SAApE;AACAzB,MAAAA,IAAI;AACP,KAPL;AAQH,GAVC,CAAF;AAYAD,EAAAA,EAAE,CAAC,oDAAD,EAAuD,UAACC,IAAD,EAAU;AAC/D,QAAMyB,SAAS,GAAG,KAAlB;;AACA/B,qBAAKY,OAAL,CAAaC,iBAAb,uCACgCkB,SADhC,GAEKhB,GAFL,CAES,QAFT,EAEmB,kBAFnB,EAGKE,GAHL,CAGS,UAACC,GAAD,EAAMC,GAAN,EAAc;AACfhB,MAAAA,MAAM,CAACgB,GAAG,CAACC,MAAL,CAAN,CAAmBC,EAAnB,CAAsBC,KAAtB,CAA4B,GAA5B;AACAH,MAAAA,GAAG,CAACI,IAAJ,CAASK,MAAT,CAAgBC,IAAhB,CAAqBC,QAArB,CAA8B,SAA9B,EAAyCE,GAAzC;AACA1B,MAAAA,IAAI;AACP,KAPL;AAQH,GAVC,CAAF;AAWH,CAlMO,CAAR","sourceRoot":"/Users/hannahwerman/new-edge/api/api/test/","sourcesContent":["import chai from 'chai';\nimport chatHttp from 'chai-http';\nimport 'chai/register-should';\nimport app from '../index';\n\nchai.use(chatHttp)\nconst { expect } = chai;\n\ndescribe('Testing contact endpoints', () => {\n    it('It should create a contact', (done) => {\n        const contact = {\n            firstname: 'Hannah',\n            lastname: 'Werman',\n            zip: 60175,\n            email: 'hannah.werman@gmail.com',\n        };\n        chai.request(app)\n            .post('/api/v1/contacts')\n            .set('Accept', 'application/json')\n            .send(contact)\n            .end((err, res) => {\n                expect(res.status).to.equal(201);\n                expect(res.body.data).to.include({\n                    id: 1,\n                    firstname: contact.firstname,\n                    lastname: contact.lastname,\n                    zip: contact.zip,\n                    email: contact.email\n                });\n                done();\n            });\n    });\n\n    it('It should not create a contact with incomplete parameters', (done) => {\n        const contact = {\n            firstname: \"Hannah\",\n            zip: 60175\n        };\n        chai.request(app)\n            .post('/api/v1/contacts')\n            .set('Accept', 'application/json')\n            .send(contact)\n            .end((err, res) => {\n                expect(res.status).to.equal(400);\n                done();\n            });\n    });\n\n    it('It should get all contacts', (done) => {\n        chai.request(app)\n            .get('/api/v1/contacts')\n            .set('Accept', 'application/json')\n            .end((err, res) => {\n                expect(res.status).to.equal(200);\n                res.body.data[0].should.have.property('id');\n                res.body.data[0].should.have.property('firstname');\n                res.body.data[0].should.have.property('lastname');\n                res.body.data[0].should.have.property('zip');\n                res.body.data[0].should.have.property('email');\n                done();\n            });\n    });\n\n    it('It should get a particular contact', (done) => {\n        const contactId = 1;\n        chai.request(app)\n            .get(`/api/v1/contacts/${contactId}`)\n            .set('Accept', 'application/json')\n            .end((err, res) => {\n                expect(res.status).to.equal(200);\n                res.body.data.should.have.property('id');\n                res.body.data.should.have.property('firstname');\n                res.body.data.should.have.property('lastname');\n                res.body.data.should.have.property('zip');\n                res.body.data.should.have.property('email');\n                done();\n            }); \n    });\n\n    it('It should not get a contact with an invalid id', (done) => {\n        const contactId = 8888;\n        chai.request(app)\n            .get(`/api/v1/contacts/${contactId}`)\n            .set('Accept', 'application/json')\n            .end((err, res) => {\n                expect(res.status).to.equal(404);\n                res.body.should.have.property('message').eql(`Cannot find contact with the id ${contactId}`)\n                done();\n            });\n    });\n\n    it('It should not get a book with a non-numeric id', (done) => {\n        const contactId = 'aaa';\n        chai.request(app)\n            .get(`/api/v1/contacts/${contactId}`)\n            .set('Accept', 'application/json')\n            .end((err, res) => {\n                expect(res.status).to.equal(400);\n                res.body.should.have.property('message').eql('Please input a valid numeric value');\n                done();\n            });\n    });\n\n    it('It should update a contact', (done) => {\n        const contactId = 1;\n        const updatedContact = {\n            id: contactId,\n            firstname: \"Not Hannah\",\n            lastname: \"Werman\",\n            zip: 60175,\n            email: 'email@email.com'\n        };\n        chai.request(app)\n            .put(`/api/v1/contacts/${contactId}`)\n            .set('Accept', 'application/json')\n            .send(updatedContact)\n            .end((err, res) => {\n                expect(res.status).to.equal(200);\n                expect(res.body.data.id).equal(updatedContact.id);\n                expect(res.body.data.firstname).equal(updatedContact.firstname);\n                expect(res.body.data.lastname).equal(updatedContact.lastname);\n                expect(res.body.data.zip).equal(updatedContact.zip);\n                expect(res.body.data.email).equal(updatedContact.email);\n                done();\n            });\n    });\n\n    it('It should not update a contact with invalid id', (done) => {\n        const contactId = 9999;\n        const updatedContact = {\n            id: contactId,\n            firstname: \"Not Hannah\",\n            lastname: \"Werman\",\n            zip: 60175,\n            email: 'email@email.com'\n        };\n        chai.request(app)\n            .put(`/api/v1/contacts/${contactId}`)\n            .set('Accept', 'application/json')\n            .send(updatedContact)\n            .end((err, res) => {\n                expect(res.status).to.equal(404);\n                res.body.should.have.property('message').eql(`Cannot find contact with the id ${contactId}`);\n                done();\n            });\n    });\n\n    it('It should not update a contact with a non-numeric id value', (done) => {\n        const contactId = 'aaa';\n        const updatedContact = {\n            id: contactId,\n            firstname: \"Not Hannah\",\n            lastname: \"Werman\",\n            zip: 60175,\n            email: 'email@email.com'\n        };\n        chai.request(app)\n            .put(`/api/v1/contacts/${contactId}`)\n            .set('Accept', 'application/json')\n            .send(updatedContact)\n            .end((err, res) => {\n                expect(res.status).to.equal(400);\n                res.body.should.have.property('message').eql(`Please input a valid numeric value`);\n                done();\n            });\n    });\n\n    it('It should delete a contact', (done) => {\n        const contactId = 1;\n        chai.request(app)\n            .delete(`/api/v1/contacts/${contactId}`)\n            .set('Accept', 'application/json')\n            .end((err, res) => {\n                expect(res.status).to.equal(200);\n                expect(res.body.data).to.include({});\n                done();\n            });\n    });\n\n    it('It should not delete a contact with invalid id', (done) => {\n        const contactId = 9999;\n        chai.request(app)\n            .delete(`/api/v1/contacts/${contactId}`)\n            .set('Accept', 'application/json')\n            .end((err, res) => {\n                expect(res.status).to.equal(404);\n                res.body.should.have.property('message').eql(`Contact with the id ${contactId} cannot be found`);\n                done();\n            }); \n    });\n\n    it('It should not delete a contact with non-numeric id', (done) => {\n        const contactId = 'aaa';\n        chai.request(app)\n            .delete(`/api/v1/contacts/${contactId}`)\n            .set('Accept', 'application/json')\n            .end((err, res) => {\n                expect(res.status).to.equal(400);\n                res.body.should.have.property('message').eql(`Please provide a numeric value`);\n                done();\n            });\n    });\n})"]},"_coverageSchema":"1a1c01bbd47fc00a2c39e90264f33305004495a9","hash":"8e47e5637cac33c2cc81715fe3895377ce100b95","contentHash":"591229d4ab1404af8c8eb81af7a0c2b0b46a31cbb2642b1bd1f35398178ff625"},"/Users/hannahwerman/new-edge/api/api/index.js":{"path":"/Users/hannahwerman/new-edge/api/api/index.js","statementMap":{"0":{"start":{"line":3,"column":29},"end":{"line":3,"column":84}},"1":{"start":{"line":5,"column":0},"end":{"line":7,"column":3}},"2":{"start":{"line":8,"column":0},"end":{"line":8,"column":28}},"3":{"start":{"line":10,"column":19},"end":{"line":10,"column":80}},"4":{"start":{"line":12,"column":25},"end":{"line":12,"column":99}},"5":{"start":{"line":14,"column":14},"end":{"line":14,"column":55}},"6":{"start":{"line":16,"column":15},"end":{"line":16,"column":57}},"7":{"start":{"line":18,"column":18},"end":{"line":18,"column":64}},"8":{"start":{"line":20,"column":21},"end":{"line":20,"column":85}},"9":{"start":{"line":22,"column":0},"end":{"line":22,"column":28}},"10":{"start":{"line":24,"column":10},"end":{"line":24,"column":36}},"11":{"start":{"line":25,"column":0},"end":{"line":25,"column":39}},"12":{"start":{"line":26,"column":0},"end":{"line":28,"column":4}},"13":{"start":{"line":29,"column":11},"end":{"line":29,"column":35}},"14":{"start":{"line":30,"column":0},"end":{"line":30,"column":55}},"15":{"start":{"line":31,"column":0},"end":{"line":35,"column":3}},"16":{"start":{"line":32,"column":2},"end":{"line":34,"column":5}},"17":{"start":{"line":36,"column":0},"end":{"line":49,"column":5}},"18":{"start":{"line":37,"column":2},"end":{"line":48,"column":14}},"19":{"start":{"line":38,"column":4},"end":{"line":47,"column":5}},"20":{"start":{"line":39,"column":6},"end":{"line":46,"column":7}},"21":{"start":{"line":41,"column":10},"end":{"line":41,"column":82}},"22":{"start":{"line":45,"column":10},"end":{"line":45,"column":33}},"23":{"start":{"line":50,"column":15},"end":{"line":50,"column":18}},"24":{"start":{"line":51,"column":0},"end":{"line":51,"column":30}}},"fnMap":{"0":{"name":"(anonymous_0)","decl":{"start":{"line":31,"column":13},"end":{"line":31,"column":14}},"loc":{"start":{"line":31,"column":33},"end":{"line":35,"column":1}},"line":31},"1":{"name":"_callee","decl":{"start":{"line":36,"column":117},"end":{"line":36,"column":124}},"loc":{"start":{"line":36,"column":127},"end":{"line":49,"column":1}},"line":36},"2":{"name":"_callee$","decl":{"start":{"line":37,"column":47},"end":{"line":37,"column":55}},"loc":{"start":{"line":37,"column":66},"end":{"line":48,"column":3}},"line":37}},"branchMap":{"0":{"loc":{"start":{"line":29,"column":11},"end":{"line":29,"column":35}},"type":"binary-expr","locations":[{"start":{"line":29,"column":11},"end":{"line":29,"column":27}},{"start":{"line":29,"column":31},"end":{"line":29,"column":35}}],"line":29},"1":{"loc":{"start":{"line":39,"column":6},"end":{"line":46,"column":7}},"type":"switch","locations":[{"start":{"line":40,"column":8},"end":{"line":41,"column":82}},{"start":{"line":43,"column":8},"end":{"line":43,"column":15}},{"start":{"line":44,"column":8},"end":{"line":45,"column":33}}],"line":39}},"s":{"0":1,"1":1,"2":1,"3":1,"4":1,"5":1,"6":1,"7":1,"8":1,"9":1,"10":1,"11":1,"12":1,"13":1,"14":1,"15":1,"16":0,"17":1,"18":1,"19":1,"20":1,"21":1,"22":1,"23":1,"24":1},"f":{"0":0,"1":1,"2":1},"b":{"0":[1,1],"1":[1,1,1]},"inputSourceMap":{"version":3,"sources":["index.js"],"names":["config","app","use","bodyParser","json","urlencoded","extended","port","process","env","PORT","contactRoutes","get","req","res","status","send","message","listen","console","log"],"mappings":";;;;;;;;;;;;;AAAA;;AACA;;AACA;;AACA;;AAEAA,mBAAOA,MAAP;;AAEA,IAAMC,GAAG,GAAG,0BAAZ;AAEAA,GAAG,CAACC,GAAJ,CAAQC,uBAAWC,IAAX,EAAR;AAEAH,GAAG,CAACC,GAAJ,CAAQC,uBAAWE,UAAX,CAAsB;AAAEC,EAAAA,QAAQ,EAAE;AAAZ,CAAtB,CAAR;AAEA,IAAMC,IAAI,GAAGC,OAAO,CAACC,GAAR,CAAYC,IAAZ,IAAoB,IAAjC;AAEAT,GAAG,CAACC,GAAJ,CAAQ,kBAAR,EAA4BS,yBAA5B;AAEAV,GAAG,CAACW,GAAJ,CAAQ,GAAR,EAAa,UAACC,GAAD,EAAMC,GAAN;AAAA,SAAcA,GAAG,CAACC,MAAJ,CAAW,GAAX,EAAgBC,IAAhB,CAAqB;AAC5CC,IAAAA,OAAO,EAAE;AADmC,GAArB,CAAd;AAAA,CAAb;AAIAhB,GAAG,CAACiB,MAAJ,CAAWX,IAAX,6FAAiB;AAAA;AAAA;AAAA;AAAA;AACbY,UAAAA,OAAO,CAACC,GAAR,qCAAyCb,IAAzC;;AADa;AAAA;AAAA;AAAA;AAAA;AAAA;AAAA,CAAjB;eAIeN,G","sourceRoot":"/Users/hannahwerman/new-edge/api/api/","sourcesContent":["import config from 'dotenv';\nimport express from 'express';\nimport bodyParser from 'body-parser';\nimport contactRoutes from './server/routes/ContactRoutes';\n\nconfig.config();\n\nconst app = express();\n\napp.use(bodyParser.json());\n\napp.use(bodyParser.urlencoded({ extended: false }));\n\nconst port = process.env.PORT || 8000;\n\napp.use('/api/v1/contacts', contactRoutes);\n\napp.get('*', (req, res) => res.status(200).send({\n    message: 'Welcome to the New Edge API.'\n}));\n\napp.listen(port, async () => {\n    console.log(`Server is running on PORT ${port} 🎉`);\n});\n\nexport default app;"]},"_coverageSchema":"1a1c01bbd47fc00a2c39e90264f33305004495a9","hash":"d889fcbb1020f04c3417d2e91be1203b3f5fca77","contentHash":"1ae2d1f8ebc24c3faa595cad3ade3eae3624856a7f8f3c42f322a9325d0bacc2"},"/Users/hannahwerman/new-edge/api/api/server/routes/ContactRoutes.js":{"path":"/Users/hannahwerman/new-edge/api/api/server/routes/ContactRoutes.js","statementMap":{"0":{"start":{"line":3,"column":29},"end":{"line":3,"column":84}},"1":{"start":{"line":5,"column":0},"end":{"line":7,"column":3}},"2":{"start":{"line":8,"column":0},"end":{"line":8,"column":28}},"3":{"start":{"line":10,"column":15},"end":{"line":10,"column":33}},"4":{"start":{"line":12,"column":25},"end":{"line":12,"column":92}},"5":{"start":{"line":14,"column":13},"end":{"line":14,"column":35}},"6":{"start":{"line":15,"column":0},"end":{"line":15,"column":62}},"7":{"start":{"line":16,"column":0},"end":{"line":16,"column":59}},"8":{"start":{"line":17,"column":0},"end":{"line":17,"column":62}},"9":{"start":{"line":18,"column":0},"end":{"line":18,"column":65}},"10":{"start":{"line":19,"column":0},"end":{"line":19,"column":70}},"11":{"start":{"line":20,"column":15},"end":{"line":20,"column":21}},"12":{"start":{"line":21,"column":0},"end":{"line":21,"column":30}}},"fnMap":{},"branchMap":{},"s":{"0":1,"1":1,"2":1,"3":1,"4":1,"5":1,"6":1,"7":1,"8":1,"9":1,"10":1,"11":1,"12":1},"f":{},"b":{},"inputSourceMap":{"version":3,"sources":["ContactRoutes.js"],"names":["router","get","ContactController","getAllContacts","post","addContact","getAContact","put","updatedContact","deleteContact"],"mappings":";;;;;;;;;AAAA;;AACA;;AAEA,IAAMA,MAAM,GAAG,sBAAf;AAEAA,MAAM,CAACC,GAAP,CAAW,GAAX,EAAgBC,8BAAkBC,cAAlC;AACAH,MAAM,CAACI,IAAP,CAAY,GAAZ,EAAiBF,8BAAkBG,UAAnC;AACAL,MAAM,CAACC,GAAP,CAAW,MAAX,EAAmBC,8BAAkBI,WAArC;AACAN,MAAM,CAACO,GAAP,CAAW,MAAX,EAAmBL,8BAAkBM,cAArC;AACAR,MAAM,UAAN,CAAc,MAAd,EAAsBE,8BAAkBO,aAAxC;eAEeT,M","sourceRoot":"/Users/hannahwerman/new-edge/api/api/server/routes/","sourcesContent":["import { Router } from 'express';\nimport ContactController from '../controllers/ContactController';\n\nconst router = Router();\n\nrouter.get('/', ContactController.getAllContacts);\nrouter.post('/', ContactController.addContact);\nrouter.get('/:id', ContactController.getAContact);\nrouter.put('/:id', ContactController.updatedContact);\nrouter.delete('/:id', ContactController.deleteContact);\n\nexport default router;"]},"_coverageSchema":"1a1c01bbd47fc00a2c39e90264f33305004495a9","hash":"3ff6f0bc77d5a95d0e4ae379e68c331d5f2a3c3e","contentHash":"d0d6703c98c92de1d7ce270821f7ac17486fa3ed31e1b5bb9a313195c855f0b5"},"/Users/hannahwerman/new-edge/api/api/server/controllers/ContactController.js":{"path":"/Users/hannahwerman/new-edge/api/api/server/controllers/ContactController.js","statementMap":{"0":{"start":{"line":3,"column":29},"end":{"line":3,"column":84}},"1":{"start":{"line":5,"column":19},"end":{"line":5,"column":80}},"2":{"start":{"line":7,"column":25},"end":{"line":7,"column":99}},"3":{"start":{"line":9,"column":23},"end":{"line":9,"column":95}},"4":{"start":{"line":11,"column":20},"end":{"line":11,"column":89}},"5":{"start":{"line":13,"column":22},"end":{"line":13,"column":83}},"6":{"start":{"line":15,"column":12},"end":{"line":15,"column":60}},"7":{"start":{"line":17,"column":11},"end":{"line":17,"column":33}},"8":{"start":{"line":19,"column":37},"end":{"line":284,"column":3}},"9":{"start":{"line":21,"column":4},"end":{"line":21,"column":62}},"10":{"start":{"line":24,"column":2},"end":{"line":282,"column":6}},"11":{"start":{"line":27,"column":28},"end":{"line":60,"column":9}},"12":{"start":{"line":29,"column":8},"end":{"line":59,"column":36}},"13":{"start":{"line":30,"column":10},"end":{"line":58,"column":11}},"14":{"start":{"line":31,"column":12},"end":{"line":57,"column":13}},"15":{"start":{"line":33,"column":16},"end":{"line":33,"column":34}},"16":{"start":{"line":34,"column":16},"end":{"line":34,"column":34}},"17":{"start":{"line":35,"column":16},"end":{"line":35,"column":67}},"18":{"start":{"line":38,"column":16},"end":{"line":38,"column":44}},"19":{"start":{"line":40,"column":16},"end":{"line":44,"column":17}},"20":{"start":{"line":41,"column":18},"end":{"line":41,"column":74}},"21":{"start":{"line":43,"column":18},"end":{"line":43,"column":60}},"22":{"start":{"line":46,"column":16},"end":{"line":46,"column":65}},"23":{"start":{"line":49,"column":16},"end":{"line":49,"column":34}},"24":{"start":{"line":50,"column":16},"end":{"line":50,"column":51}},"25":{"start":{"line":51,"column":16},"end":{"line":51,"column":48}},"26":{"start":{"line":52,"column":16},"end":{"line":52,"column":65}},"27":{"start":{"line":56,"column":16},"end":{"line":56,"column":39}},"28":{"start":{"line":63,"column":8},"end":{"line":63,"column":54}},"29":{"start":{"line":66,"column":6},"end":{"line":66,"column":28}},"30":{"start":{"line":71,"column":24},"end":{"line":108,"column":9}},"31":{"start":{"line":73,"column":8},"end":{"line":107,"column":38}},"32":{"start":{"line":74,"column":10},"end":{"line":106,"column":11}},"33":{"start":{"line":75,"column":12},"end":{"line":105,"column":13}},"34":{"start":{"line":77,"column":16},"end":{"line":80,"column":17}},"35":{"start":{"line":78,"column":18},"end":{"line":78,"column":37}},"36":{"start":{"line":79,"column":18},"end":{"line":79,"column":24}},"37":{"start":{"line":82,"column":16},"end":{"line":82,"column":70}},"38":{"start":{"line":83,"column":16},"end":{"line":83,"column":66}},"39":{"start":{"line":86,"column":16},"end":{"line":86,"column":38}},"40":{"start":{"line":87,"column":16},"end":{"line":87,"column":35}},"41":{"start":{"line":88,"column":16},"end":{"line":88,"column":35}},"42":{"start":{"line":89,"column":16},"end":{"line":89,"column":73}},"43":{"start":{"line":92,"column":16},"end":{"line":92,"column":48}},"44":{"start":{"line":93,"column":16},"end":{"line":93,"column":71}},"45":{"start":{"line":94,"column":16},"end":{"line":94,"column":66}},"46":{"start":{"line":97,"column":16},"end":{"line":97,"column":36}},"47":{"start":{"line":98,"column":16},"end":{"line":98,"column":53}},"48":{"start":{"line":99,"column":16},"end":{"line":99,"column":57}},"49":{"start":{"line":100,"column":16},"end":{"line":100,"column":66}},"50":{"start":{"line":104,"column":16},"end":{"line":104,"column":40}},"51":{"start":{"line":111,"column":8},"end":{"line":111,"column":50}},"52":{"start":{"line":114,"column":6},"end":{"line":114,"column":24}},"53":{"start":{"line":119,"column":28},"end":{"line":164,"column":9}},"54":{"start":{"line":121,"column":8},"end":{"line":163,"column":38}},"55":{"start":{"line":122,"column":10},"end":{"line":162,"column":11}},"56":{"start":{"line":123,"column":12},"end":{"line":161,"column":13}},"57":{"start":{"line":125,"column":16},"end":{"line":125,"column":42}},"58":{"start":{"line":126,"column":16},"end":{"line":126,"column":35}},"59":{"start":{"line":128,"column":16},"end":{"line":131,"column":17}},"60":{"start":{"line":129,"column":18},"end":{"line":129,"column":37}},"61":{"start":{"line":130,"column":18},"end":{"line":130,"column":24}},"62":{"start":{"line":133,"column":16},"end":{"line":133,"column":73}},"63":{"start":{"line":134,"column":16},"end":{"line":134,"column":66}},"64":{"start":{"line":137,"column":16},"end":{"line":137,"column":35}},"65":{"start":{"line":138,"column":16},"end":{"line":138,"column":35}},"66":{"start":{"line":139,"column":16},"end":{"line":139,"column":84}},"67":{"start":{"line":142,"column":16},"end":{"line":142,"column":47}},"68":{"start":{"line":144,"column":16},"end":{"line":148,"column":17}},"69":{"start":{"line":145,"column":18},"end":{"line":145,"column":84}},"70":{"start":{"line":147,"column":18},"end":{"line":147,"column":73}},"71":{"start":{"line":150,"column":16},"end":{"line":150,"column":66}},"72":{"start":{"line":153,"column":16},"end":{"line":153,"column":36}},"73":{"start":{"line":154,"column":16},"end":{"line":154,"column":53}},"74":{"start":{"line":155,"column":16},"end":{"line":155,"column":49}},"75":{"start":{"line":156,"column":16},"end":{"line":156,"column":66}},"76":{"start":{"line":160,"column":16},"end":{"line":160,"column":40}},"77":{"start":{"line":167,"column":8},"end":{"line":167,"column":54}},"78":{"start":{"line":170,"column":6},"end":{"line":170,"column":28}},"79":{"start":{"line":175,"column":25},"end":{"line":219,"column":9}},"80":{"start":{"line":177,"column":8},"end":{"line":218,"column":38}},"81":{"start":{"line":178,"column":10},"end":{"line":217,"column":11}},"82":{"start":{"line":179,"column":12},"end":{"line":216,"column":13}},"83":{"start":{"line":181,"column":16},"end":{"line":181,"column":35}},"84":{"start":{"line":183,"column":16},"end":{"line":186,"column":17}},"85":{"start":{"line":184,"column":18},"end":{"line":184,"column":37}},"86":{"start":{"line":185,"column":18},"end":{"line":185,"column":24}},"87":{"start":{"line":188,"column":16},"end":{"line":188,"column":73}},"88":{"start":{"line":189,"column":16},"end":{"line":189,"column":66}},"89":{"start":{"line":192,"column":16},"end":{"line":192,"column":35}},"90":{"start":{"line":193,"column":16},"end":{"line":193,"column":35}},"91":{"start":{"line":194,"column":16},"end":{"line":194,"column":66}},"92":{"start":{"line":197,"column":16},"end":{"line":197,"column":44}},"93":{"start":{"line":199,"column":16},"end":{"line":203,"column":17}},"94":{"start":{"line":200,"column":18},"end":{"line":200,"column":84}},"95":{"start":{"line":202,"column":18},"end":{"line":202,"column":68}},"96":{"start":{"line":205,"column":16},"end":{"line":205,"column":66}},"97":{"start":{"line":208,"column":16},"end":{"line":208,"column":36}},"98":{"start":{"line":209,"column":16},"end":{"line":209,"column":53}},"99":{"start":{"line":210,"column":16},"end":{"line":210,"column":49}},"100":{"start":{"line":211,"column":16},"end":{"line":211,"column":66}},"101":{"start":{"line":215,"column":16},"end":{"line":215,"column":40}},"102":{"start":{"line":222,"column":8},"end":{"line":222,"column":51}},"103":{"start":{"line":225,"column":6},"end":{"line":225,"column":25}},"104":{"start":{"line":230,"column":27},"end":{"line":274,"column":9}},"105":{"start":{"line":232,"column":8},"end":{"line":273,"column":38}},"106":{"start":{"line":233,"column":10},"end":{"line":272,"column":11}},"107":{"start":{"line":234,"column":12},"end":{"line":271,"column":13}},"108":{"start":{"line":236,"column":16},"end":{"line":236,"column":35}},"109":{"start":{"line":238,"column":16},"end":{"line":241,"column":17}},"110":{"start":{"line":239,"column":18},"end":{"line":239,"column":37}},"111":{"start":{"line":240,"column":18},"end":{"line":240,"column":24}},"112":{"start":{"line":243,"column":16},"end":{"line":243,"column":69}},"113":{"start":{"line":244,"column":16},"end":{"line":244,"column":66}},"114":{"start":{"line":247,"column":16},"end":{"line":247,"column":35}},"115":{"start":{"line":248,"column":16},"end":{"line":248,"column":35}},"116":{"start":{"line":249,"column":16},"end":{"line":249,"column":68}},"117":{"start":{"line":252,"column":16},"end":{"line":252,"column":49}},"118":{"start":{"line":254,"column":16},"end":{"line":258,"column":17}},"119":{"start":{"line":255,"column":18},"end":{"line":255,"column":58}},"120":{"start":{"line":257,"column":18},"end":{"line":257,"column":92}},"121":{"start":{"line":260,"column":16},"end":{"line":260,"column":66}},"122":{"start":{"line":263,"column":16},"end":{"line":263,"column":36}},"123":{"start":{"line":264,"column":16},"end":{"line":264,"column":53}},"124":{"start":{"line":265,"column":16},"end":{"line":265,"column":49}},"125":{"start":{"line":266,"column":16},"end":{"line":266,"column":66}},"126":{"start":{"line":270,"column":16},"end":{"line":270,"column":40}},"127":{"start":{"line":277,"column":8},"end":{"line":277,"column":53}},"128":{"start":{"line":280,"column":6},"end":{"line":280,"column":27}},"129":{"start":{"line":283,"column":2},"end":{"line":283,"column":27}},"130":{"start":{"line":286,"column":0},"end":{"line":286,"column":35}}},"fnMap":{"0":{"name":"(anonymous_0)","decl":{"start":{"line":19,"column":37},"end":{"line":19,"column":38}},"loc":{"start":{"line":19,"column":49},"end":{"line":284,"column":1}},"line":19},"1":{"name":"ContactController","decl":{"start":{"line":20,"column":11},"end":{"line":20,"column":28}},"loc":{"start":{"line":20,"column":31},"end":{"line":22,"column":3}},"line":20},"2":{"name":"(anonymous_2)","decl":{"start":{"line":26,"column":11},"end":{"line":26,"column":12}},"loc":{"start":{"line":26,"column":23},"end":{"line":67,"column":5}},"line":26},"3":{"name":"_callee","decl":{"start":{"line":27,"column":115},"end":{"line":27,"column":122}},"loc":{"start":{"line":27,"column":133},"end":{"line":60,"column":7}},"line":27},"4":{"name":"_callee$","decl":{"start":{"line":29,"column":53},"end":{"line":29,"column":61}},"loc":{"start":{"line":29,"column":72},"end":{"line":59,"column":9}},"line":29},"5":{"name":"getAllContacts","decl":{"start":{"line":62,"column":15},"end":{"line":62,"column":29}},"loc":{"start":{"line":62,"column":39},"end":{"line":64,"column":7}},"line":62},"6":{"name":"(anonymous_6)","decl":{"start":{"line":70,"column":11},"end":{"line":70,"column":12}},"loc":{"start":{"line":70,"column":23},"end":{"line":115,"column":5}},"line":70},"7":{"name":"_callee2","decl":{"start":{"line":71,"column":111},"end":{"line":71,"column":119}},"loc":{"start":{"line":71,"column":130},"end":{"line":108,"column":7}},"line":71},"8":{"name":"_callee2$","decl":{"start":{"line":73,"column":53},"end":{"line":73,"column":62}},"loc":{"start":{"line":73,"column":74},"end":{"line":107,"column":9}},"line":73},"9":{"name":"addContact","decl":{"start":{"line":110,"column":15},"end":{"line":110,"column":25}},"loc":{"start":{"line":110,"column":36},"end":{"line":112,"column":7}},"line":110},"10":{"name":"(anonymous_10)","decl":{"start":{"line":118,"column":11},"end":{"line":118,"column":12}},"loc":{"start":{"line":118,"column":23},"end":{"line":171,"column":5}},"line":118},"11":{"name":"_callee3","decl":{"start":{"line":119,"column":115},"end":{"line":119,"column":123}},"loc":{"start":{"line":119,"column":134},"end":{"line":164,"column":7}},"line":119},"12":{"name":"_callee3$","decl":{"start":{"line":121,"column":53},"end":{"line":121,"column":62}},"loc":{"start":{"line":121,"column":74},"end":{"line":163,"column":9}},"line":121},"13":{"name":"updatedContact","decl":{"start":{"line":166,"column":15},"end":{"line":166,"column":29}},"loc":{"start":{"line":166,"column":40},"end":{"line":168,"column":7}},"line":166},"14":{"name":"(anonymous_14)","decl":{"start":{"line":174,"column":11},"end":{"line":174,"column":12}},"loc":{"start":{"line":174,"column":23},"end":{"line":226,"column":5}},"line":174},"15":{"name":"_callee4","decl":{"start":{"line":175,"column":112},"end":{"line":175,"column":120}},"loc":{"start":{"line":175,"column":131},"end":{"line":219,"column":7}},"line":175},"16":{"name":"_callee4$","decl":{"start":{"line":177,"column":53},"end":{"line":177,"column":62}},"loc":{"start":{"line":177,"column":74},"end":{"line":218,"column":9}},"line":177},"17":{"name":"getAContact","decl":{"start":{"line":221,"column":15},"end":{"line":221,"column":26}},"loc":{"start":{"line":221,"column":37},"end":{"line":223,"column":7}},"line":221},"18":{"name":"(anonymous_18)","decl":{"start":{"line":229,"column":11},"end":{"line":229,"column":12}},"loc":{"start":{"line":229,"column":23},"end":{"line":281,"column":5}},"line":229},"19":{"name":"_callee5","decl":{"start":{"line":230,"column":114},"end":{"line":230,"column":122}},"loc":{"start":{"line":230,"column":133},"end":{"line":274,"column":7}},"line":230},"20":{"name":"_callee5$","decl":{"start":{"line":232,"column":53},"end":{"line":232,"column":62}},"loc":{"start":{"line":232,"column":74},"end":{"line":273,"column":9}},"line":232},"21":{"name":"deleteContact","decl":{"start":{"line":276,"column":15},"end":{"line":276,"column":28}},"loc":{"start":{"line":276,"column":40},"end":{"line":278,"column":7}},"line":276}},"branchMap":{"0":{"loc":{"start":{"line":31,"column":12},"end":{"line":57,"column":13}},"type":"switch","locations":[{"start":{"line":32,"column":14},"end":{"line":35,"column":67}},{"start":{"line":37,"column":14},"end":{"line":46,"column":65}},{"start":{"line":48,"column":14},"end":{"line":52,"column":65}},{"start":{"line":54,"column":14},"end":{"line":54,"column":22}},{"start":{"line":55,"column":14},"end":{"line":56,"column":39}}],"line":31},"1":{"loc":{"start":{"line":40,"column":16},"end":{"line":44,"column":17}},"type":"if","locations":[{"start":{"line":40,"column":16},"end":{"line":44,"column":17}},{"start":{"line":40,"column":16},"end":{"line":44,"column":17}}],"line":40},"2":{"loc":{"start":{"line":75,"column":12},"end":{"line":105,"column":13}},"type":"switch","locations":[{"start":{"line":76,"column":14},"end":{"line":83,"column":66}},{"start":{"line":85,"column":14},"end":{"line":89,"column":73}},{"start":{"line":91,"column":14},"end":{"line":94,"column":66}},{"start":{"line":96,"column":14},"end":{"line":100,"column":66}},{"start":{"line":102,"column":14},"end":{"line":102,"column":22}},{"start":{"line":103,"column":14},"end":{"line":104,"column":40}}],"line":75},"3":{"loc":{"start":{"line":77,"column":16},"end":{"line":80,"column":17}},"type":"if","locations":[{"start":{"line":77,"column":16},"end":{"line":80,"column":17}},{"start":{"line":77,"column":16},"end":{"line":80,"column":17}}],"line":77},"4":{"loc":{"start":{"line":77,"column":22},"end":{"line":77,"column":63}},"type":"binary-expr","locations":[{"start":{"line":77,"column":22},"end":{"line":77,"column":41}},{"start":{"line":77,"column":45},"end":{"line":77,"column":63}}],"line":77},"5":{"loc":{"start":{"line":123,"column":12},"end":{"line":161,"column":13}},"type":"switch","locations":[{"start":{"line":124,"column":14},"end":{"line":134,"column":66}},{"start":{"line":136,"column":14},"end":{"line":139,"column":84}},{"start":{"line":141,"column":14},"end":{"line":150,"column":66}},{"start":{"line":152,"column":14},"end":{"line":156,"column":66}},{"start":{"line":158,"column":14},"end":{"line":158,"column":22}},{"start":{"line":159,"column":14},"end":{"line":160,"column":40}}],"line":123},"6":{"loc":{"start":{"line":128,"column":16},"end":{"line":131,"column":17}},"type":"if","locations":[{"start":{"line":128,"column":16},"end":{"line":131,"column":17}},{"start":{"line":128,"column":16},"end":{"line":131,"column":17}}],"line":128},"7":{"loc":{"start":{"line":144,"column":16},"end":{"line":148,"column":17}},"type":"if","locations":[{"start":{"line":144,"column":16},"end":{"line":148,"column":17}},{"start":{"line":144,"column":16},"end":{"line":148,"column":17}}],"line":144},"8":{"loc":{"start":{"line":179,"column":12},"end":{"line":216,"column":13}},"type":"switch","locations":[{"start":{"line":180,"column":14},"end":{"line":189,"column":66}},{"start":{"line":191,"column":14},"end":{"line":194,"column":66}},{"start":{"line":196,"column":14},"end":{"line":205,"column":66}},{"start":{"line":207,"column":14},"end":{"line":211,"column":66}},{"start":{"line":213,"column":14},"end":{"line":213,"column":22}},{"start":{"line":214,"column":14},"end":{"line":215,"column":40}}],"line":179},"9":{"loc":{"start":{"line":183,"column":16},"end":{"line":186,"column":17}},"type":"if","locations":[{"start":{"line":183,"column":16},"end":{"line":186,"column":17}},{"start":{"line":183,"column":16},"end":{"line":186,"column":17}}],"line":183},"10":{"loc":{"start":{"line":199,"column":16},"end":{"line":203,"column":17}},"type":"if","locations":[{"start":{"line":199,"column":16},"end":{"line":203,"column":17}},{"start":{"line":199,"column":16},"end":{"line":203,"column":17}}],"line":199},"11":{"loc":{"start":{"line":234,"column":12},"end":{"line":271,"column":13}},"type":"switch","locations":[{"start":{"line":235,"column":14},"end":{"line":244,"column":66}},{"start":{"line":246,"column":14},"end":{"line":249,"column":68}},{"start":{"line":251,"column":14},"end":{"line":260,"column":66}},{"start":{"line":262,"column":14},"end":{"line":266,"column":66}},{"start":{"line":268,"column":14},"end":{"line":268,"column":22}},{"start":{"line":269,"column":14},"end":{"line":270,"column":40}}],"line":234},"12":{"loc":{"start":{"line":238,"column":16},"end":{"line":241,"column":17}},"type":"if","locations":[{"start":{"line":238,"column":16},"end":{"line":241,"column":17}},{"start":{"line":238,"column":16},"end":{"line":241,"column":17}}],"line":238},"13":{"loc":{"start":{"line":254,"column":16},"end":{"line":258,"column":17}},"type":"if","locations":[{"start":{"line":254,"column":16},"end":{"line":258,"column":17}},{"start":{"line":254,"column":16},"end":{"line":258,"column":17}}],"line":254}},"s":{"0":1,"1":1,"2":1,"3":1,"4":1,"5":1,"6":1,"7":1,"8":1,"9":0,"10":1,"11":1,"12":1,"13":3,"14":3,"15":1,"16":1,"17":1,"18":1,"19":1,"20":1,"21":0,"22":1,"23":0,"24":0,"25":0,"26":0,"27":1,"28":1,"29":1,"30":1,"31":2,"32":5,"33":6,"34":2,"35":1,"36":1,"37":1,"38":1,"39":1,"40":1,"41":1,"42":1,"43":1,"44":1,"45":1,"46":0,"47":0,"48":0,"49":0,"50":2,"51":2,"52":1,"53":1,"54":3,"55":8,"56":10,"57":3,"58":3,"59":3,"60":2,"61":2,"62":1,"63":1,"64":2,"65":2,"66":2,"67":2,"68":2,"69":1,"70":1,"71":2,"72":0,"73":0,"74":0,"75":0,"76":3,"77":3,"78":1,"79":1,"80":3,"81":8,"82":10,"83":3,"84":3,"85":2,"86":2,"87":1,"88":1,"89":2,"90":2,"91":2,"92":2,"93":2,"94":1,"95":1,"96":2,"97":0,"98":0,"99":0,"100":0,"101":3,"102":3,"103":1,"104":1,"105":3,"106":8,"107":10,"108":3,"109":3,"110":2,"111":2,"112":1,"113":1,"114":2,"115":2,"116":2,"117":2,"118":2,"119":1,"120":1,"121":2,"122":0,"123":0,"124":0,"125":0,"126":3,"127":3,"128":1,"129":1,"130":1},"f":{"0":1,"1":0,"2":1,"3":1,"4":3,"5":1,"6":1,"7":2,"8":5,"9":2,"10":1,"11":3,"12":8,"13":3,"14":1,"15":3,"16":8,"17":3,"18":1,"19":3,"20":8,"21":3},"b":{"0":[1,1,0,0,1],"1":[1,0],"2":[2,1,1,0,0,2],"3":[1,1],"4":[2,2],"5":[3,2,2,0,0,3],"6":[2,1],"7":[1,1],"8":[3,2,2,0,0,3],"9":[2,1],"10":[1,1],"11":[3,2,2,0,0,3],"12":[2,1],"13":[1,1]},"inputSourceMap":{"version":3,"sources":["ContactController.js"],"names":["util","Util","ContactController","req","res","ContactService","getAllContacts","allContacts","length","setSuccess","send","setError","body","firstname","lastname","newContact","addContact","createdContact","message","alteredContact","id","params","Number","updateContact","getAContact","theContact","deleteContact","contactToDelete","module","exports"],"mappings":";;;;;;;;;;;;AAAA;;AACA;;AAEA,IAAMA,IAAI,GAAG,IAAIC,gBAAJ,EAAb;;IAEMC,iB;;;;;;;;2HAC0BC,G,EAAKC,G;;;;;;;;uBAECC,2BAAeC,cAAf,E;;;AAApBC,gBAAAA,W;;AACN,oBAAIA,WAAW,CAACC,MAAZ,GAAqB,CAAzB,EAA4B;AACxBR,kBAAAA,IAAI,CAACS,UAAL,CAAgB,GAAhB,EAAqB,oBAArB,EAA2CF,WAA3C;AACH,iBAFD,MAEO;AACHP,kBAAAA,IAAI,CAACS,UAAL,CAAgB,GAAhB,EAAqB,mBAArB;AACH;;iDACMT,IAAI,CAACU,IAAL,CAAUN,GAAV,C;;;;;AAEPJ,gBAAAA,IAAI,CAACW,QAAL,CAAc,GAAd;iDACOX,IAAI,CAACU,IAAL,CAAUN,GAAV,C;;;;;;;;;;;;;;;;;;;wHAISD,G,EAAKC,G;;;;;;sBACrB,CAACD,GAAG,CAACS,IAAJ,CAASC,SAAV,IAAuB,CAACV,GAAG,CAACS,IAAJ,CAASE,Q;;;;;AACnCd,gBAAAA,IAAI,CAACW,QAAL,CAAc,GAAd,EAAmB,iCAAnB;kDACOX,IAAI,CAACU,IAAL,CAAUN,GAAV,C;;;AAEHW,gBAAAA,U,GAAaZ,GAAG,CAACS,I;;;uBAEQP,2BAAeW,UAAf,CAA0BD,UAA1B,C;;;AAAvBE,gBAAAA,c;AACNjB,gBAAAA,IAAI,CAACS,UAAL,CAAgB,GAAhB,EAAqB,gBAArB,EAAuCQ,cAAvC;kDACOjB,IAAI,CAACU,IAAL,CAAUN,GAAV,C;;;;;AAEPJ,gBAAAA,IAAI,CAACW,QAAL,CAAc,GAAd,EAAmB,aAAMO,OAAzB;kDACOlB,IAAI,CAACU,IAAL,CAAUN,GAAV,C;;;;;;;;;;;;;;;;;;;4HAIeD,G,EAAKC,G;;;;;;AACvBe,gBAAAA,c,GAAiBhB,GAAG,CAACS,I;AACnBQ,gBAAAA,E,GAAOjB,GAAG,CAACkB,M,CAAXD,E;;oBACHE,MAAM,CAACF,EAAD,C;;;;;AACPpB,gBAAAA,IAAI,CAACW,QAAL,CAAc,GAAd,EAAmB,oCAAnB;kDACOX,IAAI,CAACU,IAAL,CAAUN,GAAV,C;;;;;uBAGqBC,2BAAekB,aAAf,CAA6BH,EAA7B,EAAiCD,cAAjC,C;;;AAAtBI,gBAAAA,a;;AACN,oBAAG,CAACA,aAAJ,EAAmB;AACfvB,kBAAAA,IAAI,CAACW,QAAL,CAAc,GAAd,4CAAsDS,EAAtD;AACH,iBAFD,MAEO;AACHpB,kBAAAA,IAAI,CAACS,UAAL,CAAgB,GAAhB,EAAqB,iBAArB,EAAwCc,aAAxC;AACH;;kDACMvB,IAAI,CAACU,IAAL,CAAUN,GAAV,C;;;;;AAEPJ,gBAAAA,IAAI,CAACW,QAAL,CAAc,GAAd;kDACOX,IAAI,CAACU,IAAL,CAAUN,GAAV,C;;;;;;;;;;;;;;;;;;;yHAIUD,G,EAAKC,G;;;;;;AAClBgB,gBAAAA,E,GAAOjB,GAAG,CAACkB,M,CAAXD,E;;oBAEJE,MAAM,CAACF,EAAD,C;;;;;AACNpB,gBAAAA,IAAI,CAACW,QAAL,CAAc,GAAd,EAAmB,oCAAnB;kDACOX,IAAI,CAACU,IAAL,CAAUN,GAAV,C;;;;;uBAIkBC,2BAAemB,WAAf,CAA2BJ,EAA3B,C;;;AAAnBK,gBAAAA,U;;AAEN,oBAAG,CAACA,UAAJ,EAAgB;AACZzB,kBAAAA,IAAI,CAACW,QAAL,CAAc,GAAd,4CAAsDS,EAAtD;AACH,iBAFD,MAEO;AACHpB,kBAAAA,IAAI,CAACS,UAAL,CAAgB,GAAhB,EAAqB,eAArB,EAAsCgB,UAAtC;AACH;;kDACMzB,IAAI,CAACU,IAAL,CAAUN,GAAV,C;;;;;AAEPJ,gBAAAA,IAAI,CAACW,QAAL,CAAc,GAAd;kDACOX,IAAI,CAACU,IAAL,CAAUN,GAAV,C;;;;;;;;;;;;;;;;;;;2HAIYD,G,EAAKC,G;;;;;;AACpBgB,gBAAAA,E,GAAOjB,GAAG,CAACkB,M,CAAXD,E;;oBAEJE,MAAM,CAACF,EAAD,C;;;;;AACNpB,gBAAAA,IAAI,CAACW,QAAL,CAAc,GAAd,EAAmB,gCAAnB;kDACOX,IAAI,CAACU,IAAL,CAAUN,GAAV,C;;;;;uBAIuBC,2BAAeqB,aAAf,CAA6BN,EAA7B,C;;;AAAxBO,gBAAAA,e;;AAEN,oBAAIA,eAAJ,EAAqB;AACjB3B,kBAAAA,IAAI,CAACS,UAAL,CAAgB,GAAhB,EAAqB,iBAArB;AACH,iBAFD,MAEO;AACHT,kBAAAA,IAAI,CAACW,QAAL,CAAc,GAAd,gCAA0CS,EAA1C;AACH;;kDACMpB,IAAI,CAACU,IAAL,CAAUN,GAAV,C;;;;;AAEPJ,gBAAAA,IAAI,CAACW,QAAL,CAAc,GAAd;kDACOX,IAAI,CAACU,IAAL,CAAUN,GAAV,C;;;;;;;;;;;;;;;;;;;;AAKnBwB,MAAM,CAACC,OAAP,GAAiB3B,iBAAjB","sourceRoot":"/Users/hannahwerman/new-edge/api/api/server/controllers/","sourcesContent":["import ContactService from '../services/ContactService';\nimport Util from '../utils/Util';\n\nconst util = new Util();\n\nclass ContactController {\n    static async getAllContacts(req, res) {\n        try {\n            const allContacts = await ContactService.getAllContacts();\n            if (allContacts.length > 0) {\n                util.setSuccess(200, 'Contacts retrieved', allContacts);\n            } else {\n                util.setSuccess(200, 'No contacts found');\n            }\n            return util.send(res);\n        } catch (error) {\n            util.setError(400, error);\n            return util.send(res);\n        }\n    }\n\n    static async addContact(req, res) {\n        if (!req.body.firstname || !req.body.lastname) {\n          util.setError(400, 'Please provide complete details');\n          return util.send(res);\n        }\n        const newContact = req.body;\n        try {\n          const createdContact = await ContactService.addContact(newContact);\n          util.setSuccess(201, 'Contact Added!', createdContact);\n          return util.send(res);\n        } catch (error) {\n          util.setError(400, error.message);\n          return util.send(res);\n        }\n      }\n\n    static async updatedContact(req, res) {\n        const alteredContact = req.body;\n        const { id } = req.params;\n        if (!Number(id)) {\n            util.setError(400, 'Please input a valid numeric value');\n            return util.send(res);\n        }\n        try {\n            const updateContact = await ContactService.updateContact(id, alteredContact);\n            if(!updateContact) {\n                util.setError(404, `Cannot find contact with the id ${id}`);\n            } else {\n                util.setSuccess(200, 'Contact Updated', updateContact);\n            }\n            return util.send(res);\n        } catch (error) {\n            util.setError(404, error);\n            return util.send(res);\n        }\n    }\n\n    static async getAContact(req, res) {\n        const { id } = req.params;\n\n        if(!Number(id)) {\n            util.setError(400, 'Please input a valid numeric value');\n            return util.send(res);\n        }\n\n        try {\n            const theContact = await ContactService.getAContact(id);\n\n            if(!theContact) {\n                util.setError(404, `Cannot find contact with the id ${id}`);\n            } else {\n                util.setSuccess(200, 'Found Contact', theContact);\n            }\n            return util.send(res);\n        } catch (error) {\n            util.setError(404, error);\n            return util.send(res);\n        }\n    }\n\n    static async deleteContact(req, res) {\n        const { id } = req.params;\n\n        if(!Number(id)) {\n            util.setError(400, 'Please provide a numeric value');\n            return util.send(res);\n        }\n\n        try {\n            const contactToDelete = await ContactService.deleteContact(id);\n\n            if (contactToDelete) {\n                util.setSuccess(200, 'Contact Deleted');\n            } else {\n                util.setError(404, `Contact with the id ${id} cannot be found`);\n            }\n            return util.send(res);\n        } catch (error) {\n            util.setError(400, error);\n            return util.send(res);\n        }\n    }\n}\n\nmodule.exports = ContactController;"]},"_coverageSchema":"1a1c01bbd47fc00a2c39e90264f33305004495a9","hash":"be4218d2c479ab8524d6c925945b875448a284d6","contentHash":"2f2e11ec1e38c9901c1955b00822a1b0fa70f485deeb8a6bff1ed50064124552"},"/Users/hannahwerman/new-edge/api/api/server/services/ContactService.js":{"path":"/Users/hannahwerman/new-edge/api/api/server/services/ContactService.js","statementMap":{"0":{"start":{"line":3,"column":29},"end":{"line":3,"column":84}},"1":{"start":{"line":5,"column":0},"end":{"line":7,"column":3}},"2":{"start":{"line":8,"column":0},"end":{"line":8,"column":28}},"3":{"start":{"line":10,"column":19},"end":{"line":10,"column":80}},"4":{"start":{"line":12,"column":25},"end":{"line":12,"column":99}},"5":{"start":{"line":14,"column":23},"end":{"line":14,"column":95}},"6":{"start":{"line":16,"column":20},"end":{"line":16,"column":89}},"7":{"start":{"line":18,"column":14},"end":{"line":18,"column":62}},"8":{"start":{"line":20,"column":34},"end":{"line":250,"column":3}},"9":{"start":{"line":22,"column":4},"end":{"line":22,"column":59}},"10":{"start":{"line":25,"column":2},"end":{"line":248,"column":6}},"11":{"start":{"line":28,"column":28},"end":{"line":51,"column":9}},"12":{"start":{"line":29,"column":8},"end":{"line":50,"column":36}},"13":{"start":{"line":30,"column":10},"end":{"line":49,"column":11}},"14":{"start":{"line":31,"column":12},"end":{"line":48,"column":13}},"15":{"start":{"line":33,"column":16},"end":{"line":33,"column":34}},"16":{"start":{"line":34,"column":16},"end":{"line":34,"column":34}},"17":{"start":{"line":35,"column":16},"end":{"line":35,"column":60}},"18":{"start":{"line":38,"column":16},"end":{"line":38,"column":64}},"19":{"start":{"line":41,"column":16},"end":{"line":41,"column":34}},"20":{"start":{"line":42,"column":16},"end":{"line":42,"column":51}},"21":{"start":{"line":43,"column":16},"end":{"line":43,"column":34}},"22":{"start":{"line":47,"column":16},"end":{"line":47,"column":39}},"23":{"start":{"line":54,"column":8},"end":{"line":54,"column":54}},"24":{"start":{"line":57,"column":6},"end":{"line":57,"column":28}},"25":{"start":{"line":62,"column":24},"end":{"line":85,"column":9}},"26":{"start":{"line":63,"column":8},"end":{"line":84,"column":37}},"27":{"start":{"line":64,"column":10},"end":{"line":83,"column":11}},"28":{"start":{"line":65,"column":12},"end":{"line":82,"column":13}},"29":{"start":{"line":67,"column":16},"end":{"line":67,"column":35}},"30":{"start":{"line":68,"column":16},"end":{"line":68,"column":35}},"31":{"start":{"line":69,"column":16},"end":{"line":69,"column":69}},"32":{"start":{"line":72,"column":16},"end":{"line":72,"column":66}},"33":{"start":{"line":75,"column":16},"end":{"line":75,"column":35}},"34":{"start":{"line":76,"column":16},"end":{"line":76,"column":53}},"35":{"start":{"line":77,"column":16},"end":{"line":77,"column":35}},"36":{"start":{"line":81,"column":16},"end":{"line":81,"column":40}},"37":{"start":{"line":88,"column":8},"end":{"line":88,"column":50}},"38":{"start":{"line":91,"column":6},"end":{"line":91,"column":24}},"39":{"start":{"line":96,"column":28},"end":{"line":142,"column":9}},"40":{"start":{"line":98,"column":8},"end":{"line":141,"column":38}},"41":{"start":{"line":99,"column":10},"end":{"line":140,"column":11}},"42":{"start":{"line":100,"column":12},"end":{"line":139,"column":13}},"43":{"start":{"line":102,"column":16},"end":{"line":102,"column":35}},"44":{"start":{"line":103,"column":16},"end":{"line":103,"column":35}},"45":{"start":{"line":104,"column":16},"end":{"line":108,"column":19}},"46":{"start":{"line":111,"column":16},"end":{"line":111,"column":49}},"47":{"start":{"line":113,"column":16},"end":{"line":116,"column":17}},"48":{"start":{"line":114,"column":18},"end":{"line":114,"column":37}},"49":{"start":{"line":115,"column":18},"end":{"line":115,"column":24}},"50":{"start":{"line":118,"column":16},"end":{"line":118,"column":35}},"51":{"start":{"line":119,"column":16},"end":{"line":123,"column":19}},"52":{"start":{"line":126,"column":16},"end":{"line":126,"column":66}},"53":{"start":{"line":129,"column":16},"end":{"line":129,"column":56}},"54":{"start":{"line":132,"column":16},"end":{"line":132,"column":36}},"55":{"start":{"line":133,"column":16},"end":{"line":133,"column":53}},"56":{"start":{"line":134,"column":16},"end":{"line":134,"column":35}},"57":{"start":{"line":138,"column":16},"end":{"line":138,"column":40}},"58":{"start":{"line":145,"column":8},"end":{"line":145,"column":54}},"59":{"start":{"line":148,"column":6},"end":{"line":148,"column":27}},"60":{"start":{"line":153,"column":25},"end":{"line":182,"column":9}},"61":{"start":{"line":155,"column":8},"end":{"line":181,"column":37}},"62":{"start":{"line":156,"column":10},"end":{"line":180,"column":11}},"63":{"start":{"line":157,"column":12},"end":{"line":179,"column":13}},"64":{"start":{"line":159,"column":16},"end":{"line":159,"column":35}},"65":{"start":{"line":160,"column":16},"end":{"line":160,"column":35}},"66":{"start":{"line":161,"column":16},"end":{"line":165,"column":19}},"67":{"start":{"line":168,"column":16},"end":{"line":168,"column":44}},"68":{"start":{"line":169,"column":16},"end":{"line":169,"column":62}},"69":{"start":{"line":172,"column":16},"end":{"line":172,"column":35}},"70":{"start":{"line":173,"column":16},"end":{"line":173,"column":53}},"71":{"start":{"line":174,"column":16},"end":{"line":174,"column":35}},"72":{"start":{"line":178,"column":16},"end":{"line":178,"column":40}},"73":{"start":{"line":185,"column":8},"end":{"line":185,"column":51}},"74":{"start":{"line":188,"column":6},"end":{"line":188,"column":25}},"75":{"start":{"line":193,"column":27},"end":{"line":240,"column":9}},"76":{"start":{"line":195,"column":8},"end":{"line":239,"column":38}},"77":{"start":{"line":196,"column":10},"end":{"line":238,"column":11}},"78":{"start":{"line":197,"column":12},"end":{"line":237,"column":13}},"79":{"start":{"line":199,"column":16},"end":{"line":199,"column":35}},"80":{"start":{"line":200,"column":16},"end":{"line":200,"column":35}},"81":{"start":{"line":201,"column":16},"end":{"line":205,"column":19}},"82":{"start":{"line":208,"column":16},"end":{"line":208,"column":49}},"83":{"start":{"line":210,"column":16},"end":{"line":213,"column":17}},"84":{"start":{"line":211,"column":18},"end":{"line":211,"column":37}},"85":{"start":{"line":212,"column":18},"end":{"line":212,"column":24}},"86":{"start":{"line":215,"column":16},"end":{"line":215,"column":35}},"87":{"start":{"line":216,"column":16},"end":{"line":220,"column":19}},"88":{"start":{"line":223,"column":16},"end":{"line":223,"column":48}},"89":{"start":{"line":224,"column":16},"end":{"line":224,"column":66}},"90":{"start":{"line":227,"column":16},"end":{"line":227,"column":56}},"91":{"start":{"line":230,"column":16},"end":{"line":230,"column":36}},"92":{"start":{"line":231,"column":16},"end":{"line":231,"column":53}},"93":{"start":{"line":232,"column":16},"end":{"line":232,"column":35}},"94":{"start":{"line":236,"column":16},"end":{"line":236,"column":40}},"95":{"start":{"line":243,"column":8},"end":{"line":243,"column":53}},"96":{"start":{"line":246,"column":6},"end":{"line":246,"column":27}},"97":{"start":{"line":249,"column":2},"end":{"line":249,"column":24}},"98":{"start":{"line":252,"column":15},"end":{"line":252,"column":29}},"99":{"start":{"line":253,"column":0},"end":{"line":253,"column":30}}},"fnMap":{"0":{"name":"(anonymous_0)","decl":{"start":{"line":20,"column":34},"end":{"line":20,"column":35}},"loc":{"start":{"line":20,"column":46},"end":{"line":250,"column":1}},"line":20},"1":{"name":"ContactService","decl":{"start":{"line":21,"column":11},"end":{"line":21,"column":25}},"loc":{"start":{"line":21,"column":28},"end":{"line":23,"column":3}},"line":21},"2":{"name":"(anonymous_2)","decl":{"start":{"line":27,"column":11},"end":{"line":27,"column":12}},"loc":{"start":{"line":27,"column":23},"end":{"line":58,"column":5}},"line":27},"3":{"name":"_callee","decl":{"start":{"line":28,"column":115},"end":{"line":28,"column":122}},"loc":{"start":{"line":28,"column":125},"end":{"line":51,"column":7}},"line":28},"4":{"name":"_callee$","decl":{"start":{"line":29,"column":53},"end":{"line":29,"column":61}},"loc":{"start":{"line":29,"column":72},"end":{"line":50,"column":9}},"line":29},"5":{"name":"getAllContacts","decl":{"start":{"line":53,"column":15},"end":{"line":53,"column":29}},"loc":{"start":{"line":53,"column":32},"end":{"line":55,"column":7}},"line":53},"6":{"name":"(anonymous_6)","decl":{"start":{"line":61,"column":11},"end":{"line":61,"column":12}},"loc":{"start":{"line":61,"column":23},"end":{"line":92,"column":5}},"line":61},"7":{"name":"_callee2","decl":{"start":{"line":62,"column":111},"end":{"line":62,"column":119}},"loc":{"start":{"line":62,"column":132},"end":{"line":85,"column":7}},"line":62},"8":{"name":"_callee2$","decl":{"start":{"line":63,"column":53},"end":{"line":63,"column":62}},"loc":{"start":{"line":63,"column":74},"end":{"line":84,"column":9}},"line":63},"9":{"name":"addContact","decl":{"start":{"line":87,"column":15},"end":{"line":87,"column":25}},"loc":{"start":{"line":87,"column":30},"end":{"line":89,"column":7}},"line":87},"10":{"name":"(anonymous_10)","decl":{"start":{"line":95,"column":11},"end":{"line":95,"column":12}},"loc":{"start":{"line":95,"column":23},"end":{"line":149,"column":5}},"line":95},"11":{"name":"_callee3","decl":{"start":{"line":96,"column":115},"end":{"line":96,"column":123}},"loc":{"start":{"line":96,"column":144},"end":{"line":142,"column":7}},"line":96},"12":{"name":"_callee3$","decl":{"start":{"line":98,"column":53},"end":{"line":98,"column":62}},"loc":{"start":{"line":98,"column":74},"end":{"line":141,"column":9}},"line":98},"13":{"name":"updateContact","decl":{"start":{"line":144,"column":15},"end":{"line":144,"column":28}},"loc":{"start":{"line":144,"column":39},"end":{"line":146,"column":7}},"line":144},"14":{"name":"(anonymous_14)","decl":{"start":{"line":152,"column":11},"end":{"line":152,"column":12}},"loc":{"start":{"line":152,"column":23},"end":{"line":189,"column":5}},"line":152},"15":{"name":"_callee4","decl":{"start":{"line":153,"column":112},"end":{"line":153,"column":120}},"loc":{"start":{"line":153,"column":125},"end":{"line":182,"column":7}},"line":153},"16":{"name":"_callee4$","decl":{"start":{"line":155,"column":53},"end":{"line":155,"column":62}},"loc":{"start":{"line":155,"column":74},"end":{"line":181,"column":9}},"line":155},"17":{"name":"getAContact","decl":{"start":{"line":184,"column":15},"end":{"line":184,"column":26}},"loc":{"start":{"line":184,"column":32},"end":{"line":186,"column":7}},"line":184},"18":{"name":"(anonymous_18)","decl":{"start":{"line":192,"column":11},"end":{"line":192,"column":12}},"loc":{"start":{"line":192,"column":23},"end":{"line":247,"column":5}},"line":192},"19":{"name":"_callee5","decl":{"start":{"line":193,"column":114},"end":{"line":193,"column":122}},"loc":{"start":{"line":193,"column":127},"end":{"line":240,"column":7}},"line":193},"20":{"name":"_callee5$","decl":{"start":{"line":195,"column":53},"end":{"line":195,"column":62}},"loc":{"start":{"line":195,"column":74},"end":{"line":239,"column":9}},"line":195},"21":{"name":"deleteContact","decl":{"start":{"line":242,"column":15},"end":{"line":242,"column":28}},"loc":{"start":{"line":242,"column":34},"end":{"line":244,"column":7}},"line":242}},"branchMap":{"0":{"loc":{"start":{"line":31,"column":12},"end":{"line":48,"column":13}},"type":"switch","locations":[{"start":{"line":32,"column":14},"end":{"line":35,"column":60}},{"start":{"line":37,"column":14},"end":{"line":38,"column":64}},{"start":{"line":40,"column":14},"end":{"line":43,"column":34}},{"start":{"line":45,"column":14},"end":{"line":45,"column":21}},{"start":{"line":46,"column":14},"end":{"line":47,"column":39}}],"line":31},"1":{"loc":{"start":{"line":65,"column":12},"end":{"line":82,"column":13}},"type":"switch","locations":[{"start":{"line":66,"column":14},"end":{"line":69,"column":69}},{"start":{"line":71,"column":14},"end":{"line":72,"column":66}},{"start":{"line":74,"column":14},"end":{"line":77,"column":35}},{"start":{"line":79,"column":14},"end":{"line":79,"column":21}},{"start":{"line":80,"column":14},"end":{"line":81,"column":40}}],"line":65},"2":{"loc":{"start":{"line":100,"column":12},"end":{"line":139,"column":13}},"type":"switch","locations":[{"start":{"line":101,"column":14},"end":{"line":108,"column":19}},{"start":{"line":110,"column":14},"end":{"line":123,"column":19}},{"start":{"line":125,"column":14},"end":{"line":126,"column":66}},{"start":{"line":128,"column":14},"end":{"line":129,"column":56}},{"start":{"line":131,"column":14},"end":{"line":134,"column":35}},{"start":{"line":136,"column":14},"end":{"line":136,"column":22}},{"start":{"line":137,"column":14},"end":{"line":138,"column":40}}],"line":100},"3":{"loc":{"start":{"line":113,"column":16},"end":{"line":116,"column":17}},"type":"if","locations":[{"start":{"line":113,"column":16},"end":{"line":116,"column":17}},{"start":{"line":113,"column":16},"end":{"line":116,"column":17}}],"line":113},"4":{"loc":{"start":{"line":157,"column":12},"end":{"line":179,"column":13}},"type":"switch","locations":[{"start":{"line":158,"column":14},"end":{"line":165,"column":19}},{"start":{"line":167,"column":14},"end":{"line":169,"column":62}},{"start":{"line":171,"column":14},"end":{"line":174,"column":35}},{"start":{"line":176,"column":14},"end":{"line":176,"column":22}},{"start":{"line":177,"column":14},"end":{"line":178,"column":40}}],"line":157},"5":{"loc":{"start":{"line":197,"column":12},"end":{"line":237,"column":13}},"type":"switch","locations":[{"start":{"line":198,"column":14},"end":{"line":205,"column":19}},{"start":{"line":207,"column":14},"end":{"line":220,"column":19}},{"start":{"line":222,"column":14},"end":{"line":224,"column":66}},{"start":{"line":226,"column":14},"end":{"line":227,"column":56}},{"start":{"line":229,"column":14},"end":{"line":232,"column":35}},{"start":{"line":234,"column":14},"end":{"line":234,"column":22}},{"start":{"line":235,"column":14},"end":{"line":236,"column":40}}],"line":197},"6":{"loc":{"start":{"line":210,"column":16},"end":{"line":213,"column":17}},"type":"if","locations":[{"start":{"line":210,"column":16},"end":{"line":213,"column":17}},{"start":{"line":210,"column":16},"end":{"line":213,"column":17}}],"line":210}},"s":{"0":1,"1":1,"2":1,"3":1,"4":1,"5":1,"6":1,"7":1,"8":1,"9":0,"10":1,"11":1,"12":1,"13":3,"14":3,"15":1,"16":1,"17":1,"18":1,"19":0,"20":0,"21":0,"22":1,"23":1,"24":1,"25":1,"26":1,"27":3,"28":3,"29":1,"30":1,"31":1,"32":1,"33":0,"34":0,"35":0,"36":1,"37":1,"38":1,"39":1,"40":2,"41":7,"42":8,"43":2,"44":2,"45":2,"46":2,"47":2,"48":1,"49":1,"50":1,"51":1,"52":1,"53":1,"54":0,"55":0,"56":0,"57":2,"58":2,"59":1,"60":1,"61":2,"62":6,"63":6,"64":2,"65":2,"66":2,"67":2,"68":2,"69":0,"70":0,"71":0,"72":2,"73":2,"74":1,"75":1,"76":2,"77":7,"78":8,"79":2,"80":2,"81":2,"82":2,"83":2,"84":1,"85":1,"86":1,"87":1,"88":1,"89":1,"90":1,"91":0,"92":0,"93":0,"94":2,"95":2,"96":1,"97":1,"98":1,"99":1},"f":{"0":1,"1":0,"2":1,"3":1,"4":3,"5":1,"6":1,"7":1,"8":3,"9":1,"10":1,"11":2,"12":7,"13":2,"14":1,"15":2,"16":6,"17":2,"18":1,"19":2,"20":7,"21":2},"b":{"0":[1,1,0,0,1],"1":[1,1,0,0,1],"2":[2,2,1,1,0,0,2],"3":[1,1],"4":[2,2,0,0,2],"5":[2,2,1,1,0,0,2],"6":[1,1]},"inputSourceMap":{"version":3,"sources":["ContactService.js"],"names":["ContactService","database","Contact","findAll","newContact","create","id","updateContact","findOne","where","Number","contactToUpdate","update","theContact","contactToDelete","destroy","deletedContact"],"mappings":";;;;;;;;;;;;;;;;;AAAA;;IAEMA,c;;;;;;;;;;;;;;;uBAGmBC,mBAASC,OAAT,CAAiBC,OAAjB,E;;;;;;;;;;;;;;;;;;;;;;;;;;;wHAMGC,U;;;;;;;uBAEHH,mBAASC,OAAT,CAAiBG,MAAjB,CAAwBD,UAAxB,C;;;;;;;;;;;;;;;;;;;;;;;;;;;4HAMME,E,EAAIC,c;;;;;;;;uBAEON,mBAASC,OAAT,CAAiBM,OAAjB,CAAyB;AACnDC,kBAAAA,KAAK,EAAE;AAAEH,oBAAAA,EAAE,EAAEI,MAAM,CAACJ,EAAD;AAAZ;AAD4C,iBAAzB,C;;;AAAxBK,gBAAAA,e;;qBAIFA,e;;;;;;uBACMV,mBAASC,OAAT,CAAiBU,MAAjB,CAAwBL,cAAxB,EAAuC;AAAEE,kBAAAA,KAAK,EAAE;AAAEH,oBAAAA,EAAE,EAAEI,MAAM,CAACJ,EAAD;AAAZ;AAAT,iBAAvC,C;;;kDAECC,c;;;kDAEJ,I;;;;;;;;;;;;;;;;;;;;;;;;yHAMUD,E;;;;;;;;uBAEQL,mBAASC,OAAT,CAAiBM,OAAjB,CAAyB;AAC9CC,kBAAAA,KAAK,EAAE;AAAEH,oBAAAA,EAAE,EAAEI,MAAM,CAACJ,EAAD;AAAZ;AADuC,iBAAzB,C;;;AAAnBO,gBAAAA,U;kDAICA,U;;;;;;;;;;;;;;;;;;;;;;;;2HAMYP,E;;;;;;;;uBAEWL,mBAASC,OAAT,CAAiBM,OAAjB,CAAyB;AAAEC,kBAAAA,KAAK,EAAE;AAAEH,oBAAAA,EAAE,EAAEI,MAAM,CAACJ,EAAD;AAAZ;AAAT,iBAAzB,C;;;AAAxBQ,gBAAAA,e;;qBAEFA,e;;;;;;uBAC6Bb,mBAASC,OAAT,CAAiBa,OAAjB,CAAyB;AAClDN,kBAAAA,KAAK,EAAE;AAAEH,oBAAAA,EAAE,EAAEI,MAAM,CAACJ,EAAD;AAAZ;AAD2C,iBAAzB,C;;;AAAvBU,gBAAAA,c;kDAGCA,c;;;kDAEJ,I;;;;;;;;;;;;;;;;;;;;;;;;;eAOJhB,c","sourceRoot":"/Users/hannahwerman/new-edge/api/api/server/services/","sourcesContent":["import database from '../src/models';\n\nclass ContactService {\n    static async getAllContacts() {\n        try {\n            return await database.Contact.findAll();\n        } catch (error) {\n            throw error;\n        }\n    }\n\n    static async addContact(newContact) {\n        try {\n            return await database.Contact.create(newContact);\n        } catch (error) {\n            throw error;\n        }\n    }\n\n    static async updateContact(id, updateContact) {\n        try {\n            const contactToUpdate = await database.Contact.findOne({\n                where: { id: Number(id) }\n            });\n\n            if (contactToUpdate) {\n                await database.Contact.update(updateContact, { where: { id: Number(id) } });\n\n                return updateContact;\n            }\n            return null;\n        } catch (error) {\n            throw error;\n        }\n    }\n\n    static async getAContact(id) {\n        try {\n            const theContact = await database.Contact.findOne({\n                where: { id: Number(id) }\n            });\n\n            return theContact;\n        } catch (error) {\n            throw error;\n        }\n    }\n\n    static async deleteContact(id) {\n        try {\n            const contactToDelete = await database.Contact.findOne({ where: { id: Number(id) } });\n\n            if (contactToDelete) {\n                const deletedContact = await database.Contact.destroy({\n                    where: { id: Number(id) }\n                });\n                return deletedContact;\n            }\n            return null;\n        } catch (error) {\n            throw error;\n        }\n    }\n}\n\nexport default ContactService;"]},"_coverageSchema":"1a1c01bbd47fc00a2c39e90264f33305004495a9","hash":"afb2c7268ad8ae0d57d57ae66c6edb81e893b9e4","contentHash":"3d7d2fc7381ffc2c8092b060716388a577ffe747874dba0e8352db97690715ee"},"/Users/hannahwerman/new-edge/api/api/server/src/models/index.js":{"path":"/Users/hannahwerman/new-edge/api/api/server/src/models/index.js","statementMap":{"0":{"start":{"line":3,"column":29},"end":{"line":3,"column":84}},"1":{"start":{"line":5,"column":0},"end":{"line":7,"column":3}},"2":{"start":{"line":8,"column":0},"end":{"line":8,"column":28}},"3":{"start":{"line":10,"column":10},"end":{"line":10,"column":47}},"4":{"start":{"line":12,"column":12},"end":{"line":12,"column":51}},"5":{"start":{"line":14,"column":17},"end":{"line":14,"column":61}},"6":{"start":{"line":16,"column":14},"end":{"line":16,"column":65}},"7":{"start":{"line":18,"column":15},"end":{"line":18,"column":52}},"8":{"start":{"line":20,"column":10},"end":{"line":20,"column":69}},"9":{"start":{"line":21,"column":13},"end":{"line":21,"column":36}},"10":{"start":{"line":22,"column":0},"end":{"line":22,"column":46}},"11":{"start":{"line":23,"column":9},"end":{"line":23,"column":11}},"12":{"start":{"line":26,"column":0},"end":{"line":40,"column":1}},"13":{"start":{"line":27,"column":2},"end":{"line":27,"column":86}},"14":{"start":{"line":28,"column":2},"end":{"line":37,"column":5}},"15":{"start":{"line":39,"column":2},"end":{"line":39,"column":99}},"16":{"start":{"line":42,"column":0},"end":{"line":47,"column":3}},"17":{"start":{"line":43,"column":2},"end":{"line":43,"column":82}},"18":{"start":{"line":45,"column":14},"end":{"line":45,"column":73}},"19":{"start":{"line":46,"column":2},"end":{"line":46,"column":25}},"20":{"start":{"line":49,"column":0},"end":{"line":53,"column":3}},"21":{"start":{"line":50,"column":2},"end":{"line":52,"column":3}},"22":{"start":{"line":51,"column":4},"end":{"line":51,"column":32}},"23":{"start":{"line":54,"column":0},"end":{"line":54,"column":25}},"24":{"start":{"line":55,"column":0},"end":{"line":55,"column":37}},"25":{"start":{"line":56,"column":15},"end":{"line":56,"column":17}},"26":{"start":{"line":57,"column":0},"end":{"line":57,"column":30}}},"fnMap":{"0":{"name":"(anonymous_0)","decl":{"start":{"line":42,"column":45},"end":{"line":42,"column":46}},"loc":{"start":{"line":42,"column":61},"end":{"line":44,"column":1}},"line":42},"1":{"name":"(anonymous_1)","decl":{"start":{"line":44,"column":11},"end":{"line":44,"column":12}},"loc":{"start":{"line":44,"column":27},"end":{"line":47,"column":1}},"line":44},"2":{"name":"(anonymous_2)","decl":{"start":{"line":49,"column":24},"end":{"line":49,"column":25}},"loc":{"start":{"line":49,"column":45},"end":{"line":53,"column":1}},"line":49}},"branchMap":{"0":{"loc":{"start":{"line":20,"column":10},"end":{"line":20,"column":69}},"type":"cond-expr","locations":[{"start":{"line":20,"column":33},"end":{"line":20,"column":53}},{"start":{"line":20,"column":56},"end":{"line":20,"column":69}}],"line":20},"1":{"loc":{"start":{"line":26,"column":0},"end":{"line":40,"column":1}},"type":"if","locations":[{"start":{"line":26,"column":0},"end":{"line":40,"column":1}},{"start":{"line":26,"column":0},"end":{"line":40,"column":1}}],"line":26},"2":{"loc":{"start":{"line":43,"column":9},"end":{"line":43,"column":81}},"type":"binary-expr","locations":[{"start":{"line":43,"column":9},"end":{"line":43,"column":32}},{"start":{"line":43,"column":36},"end":{"line":43,"column":53}},{"start":{"line":43,"column":57},"end":{"line":43,"column":81}}],"line":43},"3":{"loc":{"start":{"line":50,"column":2},"end":{"line":52,"column":3}},"type":"if","locations":[{"start":{"line":50,"column":2},"end":{"line":52,"column":3}},{"start":{"line":50,"column":2},"end":{"line":52,"column":3}}],"line":50}},"s":{"0":1,"1":1,"2":1,"3":1,"4":1,"5":1,"6":1,"7":1,"8":1,"9":1,"10":1,"11":1,"12":1,"13":0,"14":0,"15":1,"16":1,"17":2,"18":1,"19":1,"20":1,"21":1,"22":1,"23":1,"24":1,"25":1,"26":1},"f":{"0":2,"1":1,"2":1},"b":{"0":[1,0],"1":[0,1],"2":[2,2,1],"3":[1,0]},"inputSourceMap":{"version":3,"sources":["index.js"],"names":["basename","path","__filename","env","process","NODE_ENV","config","configJson","console","log","db","sequelize","environment","Sequelize","use_env_variable","DB_NAME","DB_USER","DB_PASS","host","DB_HOST","port","DB_PORT","dialect","dialectOption","ssl","logging","database","username","password","fs","readdirSync","__dirname","filter","file","indexOf","slice","forEach","model","join","name","Object","keys","modelName","associate"],"mappings":";;;;;;;;;AAAA;;AACA;;AACA;;AACA;;AAEA,IAAMA,QAAQ,GAAGC,iBAAKD,QAAL,CAAcE,UAAd,CAAjB;;AACA,IAAMC,GAAG,GAAGC,OAAO,CAACD,GAAR,CAAYE,QAAZ,GAAuBD,OAAO,CAACD,GAAR,CAAYE,QAAnC,GAA8C,aAA1D;AAEA,IAAMC,MAAM,GAAGC,mBAAWJ,GAAX,CAAf;AAEAK,OAAO,CAACC,GAAR,CAAY,2BAAZ,EAAyCN,GAAzC;AAEA,IAAMO,EAAE,GAAG,EAAX;AAEA,IAAIC,SAAJ;;AACA,IAAIL,MAAM,CAACM,WAAP,KAAuB,YAA3B,EAAyC;AACvCD,EAAAA,SAAS,GAAG,IAAIE,qBAAJ,CACVT,OAAO,CAACD,GAAR,CAAYG,MAAM,CAACQ,gBAAnB,CADU,EAC4BR,MAD5B,CAAZ;AAGAK,EAAAA,SAAS,GAAG,IAAIE,qBAAJ,CACVT,OAAO,CAACD,GAAR,CAAYY,OADF,EAEVX,OAAO,CAACD,GAAR,CAAYa,OAFF,EAGVZ,OAAO,CAACD,GAAR,CAAYc,OAHF,EAGW;AACnBC,IAAAA,IAAI,EAAEd,OAAO,CAACD,GAAR,CAAYgB,OADC;AAEnBC,IAAAA,IAAI,EAAEhB,OAAO,CAACD,GAAR,CAAYkB,OAFC;AAGnBC,IAAAA,OAAO,EAAE,UAHU;AAInBC,IAAAA,aAAa,EAAE;AACbC,MAAAA,GAAG,EAAE,IADQ;AAEb,gBAAQ;AAFK,KAJI;AAQnBC,IAAAA,OAAO,EAAE;AARU,GAHX,CAAZ;AAcD,CAlBD,MAkBO;AACLd,EAAAA,SAAS,GAAG,IAAIE,qBAAJ,CAAcP,MAAM,CAACoB,QAArB,EAA+BpB,MAAM,CAACqB,QAAtC,EAAgDrB,MAAM,CAACsB,QAAvD,EAAiEtB,MAAjE,CAAZ;AACD;;AAEDuB,eACGC,WADH,CACeC,SADf,EAEGC,MAFH,CAEU,UAAAC,IAAI,EAAI;AACd,SAAQA,IAAI,CAACC,OAAL,CAAa,GAAb,MAAsB,CAAvB,IAA8BD,IAAI,KAAKjC,QAAvC,IAAqDiC,IAAI,CAACE,KAAL,CAAW,CAAC,CAAZ,MAAmB,KAA/E;AACD,CAJH,EAKGC,OALH,CAKW,UAAAH,IAAI,EAAI;AACf,MAAMI,KAAK,GAAG1B,SAAS,CAAC,QAAD,CAAT,CAAoBV,iBAAKqC,IAAL,CAAUP,SAAV,EAAqBE,IAArB,CAApB,CAAd;AACAvB,EAAAA,EAAE,CAAC2B,KAAK,CAACE,IAAP,CAAF,GAAiBF,KAAjB;AACD,CARH;;AAUAG,MAAM,CAACC,IAAP,CAAY/B,EAAZ,EAAgB0B,OAAhB,CAAwB,UAAAM,SAAS,EAAI;AACnC,MAAIhC,EAAE,CAACgC,SAAD,CAAF,CAAcC,SAAlB,EAA6B;AAC3BjC,IAAAA,EAAE,CAACgC,SAAD,CAAF,CAAcC,SAAd,CAAwBjC,EAAxB;AACD;AACF,CAJD;AAMAA,EAAE,CAACC,SAAH,GAAeA,SAAf;AACAD,EAAE,CAACG,SAAH,GAAeA,qBAAf;eAEeH,E","sourceRoot":"/Users/hannahwerman/new-edge/api/api/server/src/models/","sourcesContent":["import fs from 'fs';\nimport path from 'path';\nimport Sequelize from 'sequelize';\nimport configJson from '../config/config';\n\nconst basename = path.basename(__filename);\nconst env = process.env.NODE_ENV ? process.env.NODE_ENV : 'development';\n\nconst config = configJson[env];\n\nconsole.log('this is the environment: ', env);\n\nconst db = {};\n\nlet sequelize;\nif (config.environment === 'production') {\n  sequelize = new Sequelize(\n    process.env[config.use_env_variable], config\n  );\n  sequelize = new Sequelize(\n    process.env.DB_NAME,\n    process.env.DB_USER,\n    process.env.DB_PASS, {\n      host: process.env.DB_HOST,\n      port: process.env.DB_PORT,\n      dialect: 'postgres',\n      dialectOption: {\n        ssl: true,\n        native: true,\n      },\n      logging: true\n    }\n  );\n} else {\n  sequelize = new Sequelize(config.database, config.username, config.password, config);\n}\n\nfs\n  .readdirSync(__dirname)\n  .filter(file => {\n    return (file.indexOf('.') !== 0) && (file !== basename) && (file.slice(-3) === '.js');\n  })\n  .forEach(file => {\n    const model = sequelize['import'](path.join(__dirname, file));\n    db[model.name] = model;\n  });\n\nObject.keys(db).forEach(modelName => {\n  if (db[modelName].associate) {\n    db[modelName].associate(db);\n  }\n});\n\ndb.sequelize = sequelize;\ndb.Sequelize = Sequelize;\n\nexport default db;"]},"_coverageSchema":"1a1c01bbd47fc00a2c39e90264f33305004495a9","hash":"82e40eb8f5e1cb0f0d3bf823f188c81371d3e7e6","contentHash":"873e24c4b86304540cb81b76a14dd9e605bfcdb5fd3878adc46fa4870603b390"},"/Users/hannahwerman/new-edge/api/api/server/src/config/config.js":{"path":"/Users/hannahwerman/new-edge/api/api/server/src/config/config.js","statementMap":{"0":{"start":{"line":3,"column":0},"end":{"line":3,"column":27}},"1":{"start":{"line":5,"column":0},"end":{"line":27,"column":2}}},"fnMap":{},"branchMap":{},"s":{"0":1,"1":1},"f":{},"b":{},"inputSourceMap":{"version":3,"sources":["config.js"],"names":["require","config","module","exports","process","env","DB_USER","DB_PASS","DB_NAME","DB_HOST"],"mappings":";;AAAAA,OAAO,CAAC,QAAD,CAAP,CAAkBC,MAAlB;;AAEAC,MAAM,CAACC,OAAP,GAAiB;AACf,iBAAe;AACb,gBAAY,IADC;AAEb,gBAAY,IAFC;AAGb,gBAAY,UAHC;AAIb,YAAQ,WAJK;AAKb,eAAW;AALE,GADA;AAQf,UAAQ;AACN,gBAAY,IADN;AAEN,gBAAY,IAFN;AAGN,gBAAY,eAHN;AAIN,YAAQ,WAJF;AAKN,eAAW;AALL,GARO;AAef,gBAAc;AACZ,gBAAYC,OAAO,CAACC,GAAR,CAAYC,OADZ;AAEZ,gBAAYF,OAAO,CAACC,GAAR,CAAYE,OAFZ;AAGZ,gBAAYH,OAAO,CAACC,GAAR,CAAYG,OAHZ;AAIZ,YAAQJ,OAAO,CAACC,GAAR,CAAYI,OAJR;AAKZ,eAAW;AALC;AAfC,CAAjB","sourceRoot":"/Users/hannahwerman/new-edge/api/api/server/src/config/","sourcesContent":["require('dotenv').config();\n\nmodule.exports = {\n  \"development\": {\n    \"username\": null,\n    \"password\": null,\n    \"database\": \"new-edge\",\n    \"host\": \"127.0.0.1\",\n    \"dialect\": \"postgres\",\n  },\n  \"test\": {\n    \"username\": null,\n    \"password\": null,\n    \"database\": \"new-edge-test\",\n    \"host\": \"127.0.0.1\",\n    \"dialect\": \"postgres\",\n  },\n  \"production\": {\n    \"username\": process.env.DB_USER,\n    \"password\": process.env.DB_PASS,\n    \"database\": process.env.DB_NAME,\n    \"host\": process.env.DB_HOST,\n    \"dialect\": \"postgres\",\n  }\n}\n"]},"_coverageSchema":"1a1c01bbd47fc00a2c39e90264f33305004495a9","hash":"26f1ba583093e6aae76ca65c3de2685e80bd6164","contentHash":"6da447f5975b294acd9536300c9151e8e7e78454d114ab7ea7dc0b395f0cef16"},"/Users/hannahwerman/new-edge/api/api/server/src/models/contact.js":{"path":"/Users/hannahwerman/new-edge/api/api/server/src/models/contact.js","statementMap":{"0":{"start":{"line":3,"column":0},"end":{"line":31,"column":2}},"1":{"start":{"line":4,"column":16},"end":{"line":25,"column":8}},"2":{"start":{"line":27,"column":2},"end":{"line":28,"column":4}},"3":{"start":{"line":30,"column":2},"end":{"line":30,"column":17}}},"fnMap":{"0":{"name":"(anonymous_0)","decl":{"start":{"line":3,"column":17},"end":{"line":3,"column":18}},"loc":{"start":{"line":3,"column":49},"end":{"line":31,"column":1}},"line":3},"1":{"name":"(anonymous_1)","decl":{"start":{"line":27,"column":22},"end":{"line":27,"column":23}},"loc":{"start":{"line":27,"column":40},"end":{"line":28,"column":3}},"line":27}},"branchMap":{},"s":{"0":1,"1":1,"2":1,"3":1},"f":{"0":1,"1":1},"b":{},"inputSourceMap":{"version":3,"sources":["contact.js"],"names":["module","exports","sequelize","DataTypes","Contact","define","firstname","type","STRING","allowNull","lastname","zip","INTEGER","email","address","phone","associate","models"],"mappings":";;AAAAA,MAAM,CAACC,OAAP,GAAiB,UAACC,SAAD,EAAYC,SAAZ,EAA0B;AACzC,MAAMC,OAAO,GAAGF,SAAS,CAACG,MAAV,CAAiB,SAAjB,EAA4B;AAC1CC,IAAAA,SAAS,EAAE;AACTC,MAAAA,IAAI,EAAEJ,SAAS,CAACK,MADP;AAETC,MAAAA,SAAS,EAAE;AAFF,KAD+B;AAK1CC,IAAAA,QAAQ,EAAE;AACRH,MAAAA,IAAI,EAAEJ,SAAS,CAACK,MADR;AAERC,MAAAA,SAAS,EAAE;AAFH,KALgC;AAS1CE,IAAAA,GAAG,EAAE;AACHJ,MAAAA,IAAI,EAAEJ,SAAS,CAACS;AADb,KATqC;AAY1CC,IAAAA,KAAK,EAAE;AACLN,MAAAA,IAAI,EAAEJ,SAAS,CAACK;AADX,KAZmC;AAe1CM,IAAAA,OAAO,EAAE;AACPP,MAAAA,IAAI,EAAEJ,SAAS,CAACK;AADT,KAfiC;AAkB1CO,IAAAA,KAAK,EAAE;AACLR,MAAAA,IAAI,EAAEJ,SAAS,CAACK;AADX;AAlBmC,GAA5B,EAqBb,EArBa,CAAhB;;AAsBAJ,EAAAA,OAAO,CAACY,SAAR,GAAoB,UAASC,MAAT,EAAiB,CACnC;AACD,GAFD;;AAGA,SAAOb,OAAP;AACD,CA3BD","sourceRoot":"/Users/hannahwerman/new-edge/api/api/server/src/models/","sourcesContent":["module.exports = (sequelize, DataTypes) => {\n  const Contact = sequelize.define('Contact', {\n    firstname: {\n      type: DataTypes.STRING,\n      allowNull: false,\n    },\n    lastname: {\n      type: DataTypes.STRING,\n      allowNull: false,\n    },\n    zip: {\n      type: DataTypes.INTEGER\n    },\n    email: {\n      type: DataTypes.STRING,\n    },\n    address: {\n      type: DataTypes.STRING,\n    },\n    phone: {\n      type: DataTypes.STRING,\n    }\n  }, {});\n  Contact.associate = function(models) {\n    // associations can be defined here\n  };\n  return Contact;\n};"]},"_coverageSchema":"1a1c01bbd47fc00a2c39e90264f33305004495a9","hash":"c4f17f88ccb857d2e1a4fbc609c4e2c1606a0254","contentHash":"648d4c293e01a8992a1927d182dd4b25512e62304d21c6960d5f8fc383e422d7"},"/Users/hannahwerman/new-edge/api/api/server/utils/Util.js":{"path":"/Users/hannahwerman/new-edge/api/api/server/utils/Util.js","statementMap":{"0":{"start":{"line":3,"column":29},"end":{"line":3,"column":84}},"1":{"start":{"line":5,"column":0},"end":{"line":7,"column":3}},"2":{"start":{"line":8,"column":0},"end":{"line":8,"column":28}},"3":{"start":{"line":10,"column":23},"end":{"line":10,"column":95}},"4":{"start":{"line":12,"column":20},"end":{"line":12,"column":89}},"5":{"start":{"line":14,"column":24},"end":{"line":58,"column":3}},"6":{"start":{"line":16,"column":4},"end":{"line":16,"column":49}},"7":{"start":{"line":17,"column":4},"end":{"line":17,"column":27}},"8":{"start":{"line":18,"column":4},"end":{"line":18,"column":21}},"9":{"start":{"line":19,"column":4},"end":{"line":19,"column":21}},"10":{"start":{"line":20,"column":4},"end":{"line":20,"column":24}},"11":{"start":{"line":23,"column":2},"end":{"line":56,"column":6}},"12":{"start":{"line":26,"column":6},"end":{"line":26,"column":35}},"13":{"start":{"line":27,"column":6},"end":{"line":27,"column":29}},"14":{"start":{"line":28,"column":6},"end":{"line":28,"column":23}},"15":{"start":{"line":29,"column":6},"end":{"line":29,"column":28}},"16":{"start":{"line":34,"column":6},"end":{"line":34,"column":35}},"17":{"start":{"line":35,"column":6},"end":{"line":35,"column":29}},"18":{"start":{"line":36,"column":6},"end":{"line":36,"column":26}},"19":{"start":{"line":41,"column":19},"end":{"line":45,"column":7}},"20":{"start":{"line":47,"column":6},"end":{"line":49,"column":7}},"21":{"start":{"line":48,"column":8},"end":{"line":48,"column":56}},"22":{"start":{"line":51,"column":6},"end":{"line":54,"column":9}},"23":{"start":{"line":57,"column":2},"end":{"line":57,"column":14}},"24":{"start":{"line":60,"column":0},"end":{"line":60,"column":26}}},"fnMap":{"0":{"name":"(anonymous_0)","decl":{"start":{"line":14,"column":24},"end":{"line":14,"column":25}},"loc":{"start":{"line":14,"column":36},"end":{"line":58,"column":1}},"line":14},"1":{"name":"Util","decl":{"start":{"line":15,"column":11},"end":{"line":15,"column":15}},"loc":{"start":{"line":15,"column":18},"end":{"line":21,"column":3}},"line":15},"2":{"name":"setSuccess","decl":{"start":{"line":25,"column":20},"end":{"line":25,"column":30}},"loc":{"start":{"line":25,"column":58},"end":{"line":30,"column":5}},"line":25},"3":{"name":"setError","decl":{"start":{"line":33,"column":20},"end":{"line":33,"column":28}},"loc":{"start":{"line":33,"column":50},"end":{"line":37,"column":5}},"line":33},"4":{"name":"send","decl":{"start":{"line":40,"column":20},"end":{"line":40,"column":24}},"loc":{"start":{"line":40,"column":30},"end":{"line":55,"column":5}},"line":40}},"branchMap":{"0":{"loc":{"start":{"line":47,"column":6},"end":{"line":49,"column":7}},"type":"if","locations":[{"start":{"line":47,"column":6},"end":{"line":49,"column":7}},{"start":{"line":47,"column":6},"end":{"line":49,"column":7}}],"line":47}},"s":{"0":1,"1":1,"2":1,"3":1,"4":1,"5":1,"6":1,"7":1,"8":1,"9":1,"10":1,"11":1,"12":5,"13":5,"14":5,"15":5,"16":7,"17":7,"18":7,"19":12,"20":12,"21":5,"22":7,"23":1,"24":1},"f":{"0":1,"1":1,"2":5,"3":7,"4":12},"b":{"0":[5,7]},"inputSourceMap":{"version":3,"sources":["Util.js"],"names":["Util","statusCode","type","data","message","res","result","status","json"],"mappings":";;;;;;;;;;;;;IAAqBA,I;AACjB,kBAAc;AAAA;AACZ,SAAKC,UAAL,GAAkB,IAAlB;AACA,SAAKC,IAAL,GAAY,IAAZ;AACA,SAAKC,IAAL,GAAY,IAAZ;AACA,SAAKC,OAAL,GAAe,IAAf;AACD;;;;+BAEUH,U,EAAYG,O,EAASD,I,EAAM;AACpC,WAAKF,UAAL,GAAkBA,UAAlB;AACA,WAAKG,OAAL,GAAeA,OAAf;AACA,WAAKD,IAAL,GAAYA,IAAZ;AACA,WAAKD,IAAL,GAAY,SAAZ;AACD;;;6BAEQD,U,EAAYG,O,EAAS;AAC5B,WAAKH,UAAL,GAAkBA,UAAlB;AACA,WAAKG,OAAL,GAAeA,OAAf;AACA,WAAKF,IAAL,GAAY,OAAZ;AACD;;;yBAEIG,G,EAAK;AACR,UAAMC,MAAM,GAAG;AACbC,QAAAA,MAAM,EAAE,KAAKL,IADA;AAEbE,QAAAA,OAAO,EAAE,KAAKA,OAFD;AAGbD,QAAAA,IAAI,EAAE,KAAKA;AAHE,OAAf;;AAMA,UAAI,KAAKD,IAAL,KAAc,SAAlB,EAA6B;AAC3B,eAAOG,GAAG,CAACE,MAAJ,CAAW,KAAKN,UAAhB,EAA4BO,IAA5B,CAAiCF,MAAjC,CAAP;AACD;;AACD,aAAOD,GAAG,CAACE,MAAJ,CAAW,KAAKN,UAAhB,EAA4BO,IAA5B,CAAiC;AACtCD,QAAAA,MAAM,EAAE,KAAKL,IADyB;AAEtCE,QAAAA,OAAO,EAAE,KAAKA;AAFwB,OAAjC,CAAP;AAID","sourceRoot":"/Users/hannahwerman/new-edge/api/api/server/utils/","sourcesContent":["export default class Util {\n    constructor() {\n      this.statusCode = null;\n      this.type = null;\n      this.data = null;\n      this.message = null;\n    }\n  \n    setSuccess(statusCode, message, data) {\n      this.statusCode = statusCode;\n      this.message = message;\n      this.data = data;\n      this.type = 'success';\n    }\n  \n    setError(statusCode, message) {\n      this.statusCode = statusCode;\n      this.message = message;\n      this.type = 'error';\n    }\n  \n    send(res) {\n      const result = {\n        status: this.type,\n        message: this.message,\n        data: this.data,\n      };\n  \n      if (this.type === 'success') {\n        return res.status(this.statusCode).json(result);\n      }\n      return res.status(this.statusCode).json({\n        status: this.type,\n        message: this.message,\n      });\n    }\n  }"]},"_coverageSchema":"1a1c01bbd47fc00a2c39e90264f33305004495a9","hash":"b7201fd0a92dd290e1672192a14402bfee1e3ec1","contentHash":"49ba549ac02f71ac2f8471245261f2f99be1d51bb812102565f35e230ac45954"}}